{"time":"2025-05-29T18:06:43.540695719+03:00","level":"ERROR","source":{"function":"main.main","file":"/home/fzrdub/go/test-task-2905/cmd/app/main.go","line":25},"msg":"failed to create storage","error":"failed to connect storage:sql: unknown driver \"sqlite3\" (forgotten import?)"}
{"time":"2025-05-29T18:13:44.046144534+03:00","level":"ERROR","source":{"function":"main.main","file":"/home/fzrdub/go/test-task-2905/cmd/app/main.go","line":31},"msg":"failed to create storage","error":"can't start migration driver:database: no scheme"}
{"time":"2025-05-29T18:13:49.702157124+03:00","level":"ERROR","source":{"function":"main.main","file":"/home/fzrdub/go/test-task-2905/cmd/app/main.go","line":31},"msg":"failed to create storage","error":"can't start migration driver:database: no scheme"}
{"time":"2025-05-29T18:30:07.908149191+03:00","level":"ERROR","source":{"function":"main.main","file":"/home/fzrdub/go/test-task-2905/cmd/app/main.go","line":32},"msg":"failed to create storage","error":"can't start migration driver:source driver: unknown driver file (forgotten import?)"}
{"time":"2025-05-29T18:30:43.395736989+03:00","level":"ERROR","source":{"function":"main.main","file":"/home/fzrdub/go/test-task-2905/cmd/app/main.go","line":32},"msg":"failet to start migrations","error":"can't start migration driver:source driver: unknown driver file (forgotten import?)"}
{"time":"2025-05-29T18:31:21.281024597+03:00","level":"ERROR","source":{"function":"main.main","file":"/home/fzrdub/go/test-task-2905/cmd/app/main.go","line":34},"msg":"failet to start migrations","error":"can't start migration driver:pq: unknown authentication response: 10"}
{"time":"2025-05-29T18:33:05.305307844+03:00","level":"ERROR","source":{"function":"main.main","file":"/home/fzrdub/go/test-task-2905/cmd/app/main.go","line":34},"msg":"failet to start migrations","error":"can't start migration driver:pq: unknown authentication response: 10"}
{"time":"2025-05-29T18:33:23.181101922+03:00","level":"ERROR","source":{"function":"main.main","file":"/home/fzrdub/go/test-task-2905/cmd/app/main.go","line":34},"msg":"failet to start migrations","error":"can't start migration driver:pq: unknown authentication response: 10"}
{"time":"2025-05-29T18:33:53.097036261+03:00","level":"ERROR","source":{"function":"main.main","file":"/home/fzrdub/go/test-task-2905/cmd/app/main.go","line":34},"msg":"failet to start migrations","error":"can't start migration driver:pq: unknown authentication response: 10"}
{"time":"2025-05-29T18:35:14.135593777+03:00","level":"ERROR","source":{"function":"main.main","file":"/home/fzrdub/go/test-task-2905/cmd/app/main.go","line":34},"msg":"failet to start migrations","error":"can't start migration driver:pq: unknown authentication response: 10"}
{"time":"2025-05-29T18:36:22.521206048+03:00","level":"ERROR","source":{"function":"main.main","file":"/home/fzrdub/go/test-task-2905/cmd/app/main.go","line":34},"msg":"failet to start migrations","error":"can't start migration driver:source driver: unknown driver file (forgotten import?)"}
{"time":"2025-05-29T18:38:25.467129903+03:00","level":"ERROR","source":{"function":"main.main","file":"/home/fzrdub/go/test-task-2905/cmd/app/main.go","line":34},"msg":"failet to start migrations","error":"can't start migration driver:failed to open source, \"file://migrations\": source driver: unknown driver 'file' (forgotten import?)"}
{"time":"2025-05-29T18:38:45.132631849+03:00","level":"ERROR","source":{"function":"main.main","file":"/home/fzrdub/go/test-task-2905/cmd/app/main.go","line":34},"msg":"failet to start migrations","error":"failed to do migrations:migration failed: syntax error at or near \"CREATE\" (column 1) in line 7: CREATE TABLE quotes (\n    id SERIAL,\n    quote TEXT NOT NULL,\n    is_deleted BOOLEAN DEFAULT FALSE\n)\n\nCREATE UNIQUE INDEX people_id_uindex ON quotes (id); (details: pq: syntax error at or near \"CREATE\")"}
{"time":"2025-05-29T18:39:09.014958323+03:00","level":"ERROR","source":{"function":"main.main","file":"/home/fzrdub/go/test-task-2905/cmd/app/main.go","line":34},"msg":"failet to start migrations","error":"failed to do migrations:Dirty database version 1. Fix and force version."}
{"time":"2025-05-29T18:39:52.404424575+03:00","level":"ERROR","source":{"function":"main.main","file":"/home/fzrdub/go/test-task-2905/cmd/app/main.go","line":34},"msg":"failet to start migrations","error":"failed to do migrations:migration failed: syntax error at or near \"CREATE\" (column 1) in line 7: CREATE TABLE quotes(\n    id SERIAL,\n    quote TEXT NOT NULL,\n    is_deleted BOOLEAN DEFAULT FALSE\n)\n\nCREATE UNIQUE INDEX people_id_uindex ON quotes (id); (details: pq: syntax error at or near \"CREATE\")"}
{"time":"2025-05-29T23:41:58.608214645+03:00","level":"INFO","source":{"function":"main.main","file":"/home/fzrdub/go/test-task-2905/cmd/app/main.go","line":82},"msg":"HTTP server is runned","addres":"localhost:8082"}
{"time":"2025-05-29T23:41:58.608373442+03:00","level":"INFO","source":{"function":"main.main.func2","file":"/home/fzrdub/go/test-task-2905/cmd/app/main.go","line":70},"msg":"Started to ping databse"}
{"time":"2025-05-29T23:41:58.6083748+03:00","level":"INFO","source":{"function":"main.main","file":"/home/fzrdub/go/test-task-2905/cmd/app/main.go","line":84},"msg":"App is started"}
{"time":"2025-05-29T23:41:58.608310966+03:00","level":"INFO","source":{"function":"main.main.func1","file":"/home/fzrdub/go/test-task-2905/cmd/app/main.go","line":65},"msg":"HTTP server started","Addres":"localhost:8082"}
{"time":"2025-05-29T23:42:10.850512198+03:00","level":"ERROR","source":{"function":"main.main","file":"/home/fzrdub/go/test-task-2905/cmd/app/main.go","line":92},"msg":"received signal, starting graceful shutdown","signal":2}
{"time":"2025-05-29T23:42:10.85060379+03:00","level":"INFO","source":{"function":"main.main","file":"/home/fzrdub/go/test-task-2905/cmd/app/main.go","line":107},"msg":"Storage is closed. App is shuting down"}
{"time":"2025-05-29T23:42:10.850618015+03:00","level":"INFO","source":{"function":"main.main","file":"/home/fzrdub/go/test-task-2905/cmd/app/main.go","line":109},"msg":"shutdown completed"}
{"time":"2025-05-29T23:42:23.948146252+03:00","level":"WARN","source":{"function":"main.startMigrations","file":"/home/fzrdub/go/test-task-2905/cmd/app/main.go","line":123},"msg":"Migarate didn't run. Nothing to change"}
{"time":"2025-05-29T23:42:23.948289764+03:00","level":"INFO","source":{"function":"main.main","file":"/home/fzrdub/go/test-task-2905/cmd/app/main.go","line":82},"msg":"HTTP server is runned","addres":"localhost:8080"}
{"time":"2025-05-29T23:42:23.948320814+03:00","level":"INFO","source":{"function":"main.main","file":"/home/fzrdub/go/test-task-2905/cmd/app/main.go","line":84},"msg":"App is started"}
{"time":"2025-05-29T23:42:23.948330419+03:00","level":"INFO","source":{"function":"main.main.func2","file":"/home/fzrdub/go/test-task-2905/cmd/app/main.go","line":70},"msg":"Started to ping databse"}
{"time":"2025-05-29T23:42:23.948339614+03:00","level":"INFO","source":{"function":"main.main.func1","file":"/home/fzrdub/go/test-task-2905/cmd/app/main.go","line":65},"msg":"HTTP server started","Addres":"localhost:8080"}
{"time":"2025-05-29T23:45:24.77709208+03:00","level":"ERROR","source":{"function":"main.main","file":"/home/fzrdub/go/test-task-2905/cmd/app/main.go","line":92},"msg":"received signal, starting graceful shutdown","signal":2}
{"time":"2025-05-29T23:45:24.777205828+03:00","level":"INFO","source":{"function":"main.main","file":"/home/fzrdub/go/test-task-2905/cmd/app/main.go","line":107},"msg":"Storage is closed. App is shuting down"}
{"time":"2025-05-29T23:45:24.777217285+03:00","level":"INFO","source":{"function":"main.main","file":"/home/fzrdub/go/test-task-2905/cmd/app/main.go","line":109},"msg":"shutdown completed"}
{"time":"2025-05-30T13:47:27.584038015+03:00","level":"INFO","source":{"function":"main.main","file":"/home/fzrdub/go/test-task-2905/cmd/app/main.go","line":82},"msg":"HTTP server is runned","addres":"localhost:8080"}
{"time":"2025-05-30T13:47:27.584211002+03:00","level":"INFO","source":{"function":"main.main","file":"/home/fzrdub/go/test-task-2905/cmd/app/main.go","line":84},"msg":"App is started"}
{"time":"2025-05-30T13:47:27.584077505+03:00","level":"INFO","source":{"function":"main.main.func1","file":"/home/fzrdub/go/test-task-2905/cmd/app/main.go","line":65},"msg":"HTTP server started","Addres":"localhost:8080"}
{"time":"2025-05-30T13:47:27.584094166+03:00","level":"INFO","source":{"function":"main.main.func2","file":"/home/fzrdub/go/test-task-2905/cmd/app/main.go","line":70},"msg":"Started to ping databse"}
{"time":"2025-05-30T13:48:05.4996164+03:00","level":"ERROR","source":{"function":"main.main","file":"/home/fzrdub/go/test-task-2905/cmd/app/main.go","line":92},"msg":"received signal, starting graceful shutdown","signal":2}
{"time":"2025-05-30T13:48:05.499820821+03:00","level":"INFO","source":{"function":"main.main","file":"/home/fzrdub/go/test-task-2905/cmd/app/main.go","line":107},"msg":"Storage is closed. App is shuting down"}
{"time":"2025-05-30T13:48:05.499840792+03:00","level":"INFO","source":{"function":"main.main","file":"/home/fzrdub/go/test-task-2905/cmd/app/main.go","line":109},"msg":"shutdown completed"}
{"time":"2025-05-30T13:48:08.299328038+03:00","level":"WARN","source":{"function":"main.startMigrations","file":"/home/fzrdub/go/test-task-2905/cmd/app/main.go","line":123},"msg":"Migarate didn't run. Nothing to change"}
{"time":"2025-05-30T13:48:08.299507448+03:00","level":"INFO","source":{"function":"main.main","file":"/home/fzrdub/go/test-task-2905/cmd/app/main.go","line":82},"msg":"HTTP server is runned","addres":"localhost:8080"}
{"time":"2025-05-30T13:48:08.299539016+03:00","level":"INFO","source":{"function":"main.main","file":"/home/fzrdub/go/test-task-2905/cmd/app/main.go","line":84},"msg":"App is started"}
{"time":"2025-05-30T13:48:08.299550675+03:00","level":"INFO","source":{"function":"main.main.func2","file":"/home/fzrdub/go/test-task-2905/cmd/app/main.go","line":70},"msg":"Started to ping databse"}
{"time":"2025-05-30T13:48:08.299555284+03:00","level":"INFO","source":{"function":"main.main.func1","file":"/home/fzrdub/go/test-task-2905/cmd/app/main.go","line":65},"msg":"HTTP server started","Addres":"localhost:8080"}
{"time":"2025-05-30T13:51:18.6287562+03:00","level":"ERROR","source":{"function":"main.main","file":"/home/fzrdub/go/test-task-2905/cmd/app/main.go","line":92},"msg":"received signal, starting graceful shutdown","signal":2}
{"time":"2025-05-30T13:51:18.628955679+03:00","level":"INFO","source":{"function":"main.main","file":"/home/fzrdub/go/test-task-2905/cmd/app/main.go","line":107},"msg":"Storage is closed. App is shuting down"}
{"time":"2025-05-30T13:51:18.628975107+03:00","level":"INFO","source":{"function":"main.main","file":"/home/fzrdub/go/test-task-2905/cmd/app/main.go","line":109},"msg":"shutdown completed"}
{"time":"2025-05-30T13:52:04.251102025+03:00","level":"WARN","source":{"function":"main.startMigrations","file":"/home/fzrdub/go/test-task-2905/cmd/app/main.go","line":123},"msg":"Migarate didn't run. Nothing to change"}
{"time":"2025-05-30T13:52:04.251324891+03:00","level":"INFO","source":{"function":"main.main","file":"/home/fzrdub/go/test-task-2905/cmd/app/main.go","line":82},"msg":"HTTP server is runned","addres":"localhost:8080"}
{"time":"2025-05-30T13:52:04.251342515+03:00","level":"INFO","source":{"function":"main.main.func1","file":"/home/fzrdub/go/test-task-2905/cmd/app/main.go","line":65},"msg":"HTTP server started","Addres":"localhost:8080"}
{"time":"2025-05-30T13:52:04.251378114+03:00","level":"INFO","source":{"function":"main.main.func2","file":"/home/fzrdub/go/test-task-2905/cmd/app/main.go","line":70},"msg":"Started to ping databse"}
{"time":"2025-05-30T13:52:04.25135586+03:00","level":"INFO","source":{"function":"main.main","file":"/home/fzrdub/go/test-task-2905/cmd/app/main.go","line":84},"msg":"App is started"}
{"time":"2025-05-30T13:52:05.717642075+03:00","level":"INFO","source":{"function":"app/internal/api.New.(*API).Middlewares.New.func1","file":"/home/fzrdub/go/test-task-2905/internal/api/middleware/logger/logger.go","line":14},"msg":"logger middleware enabled","component":"middleware/logger"}
{"time":"2025-05-30T13:56:28.117230369+03:00","level":"ERROR","source":{"function":"main.main","file":"/home/fzrdub/go/test-task-2905/cmd/app/main.go","line":92},"msg":"received signal, starting graceful shutdown","signal":2}
{"time":"2025-05-30T13:56:28.117447333+03:00","level":"INFO","source":{"function":"main.main","file":"/home/fzrdub/go/test-task-2905/cmd/app/main.go","line":107},"msg":"Storage is closed. App is shuting down"}
{"time":"2025-05-30T13:56:28.117460234+03:00","level":"INFO","source":{"function":"main.main","file":"/home/fzrdub/go/test-task-2905/cmd/app/main.go","line":109},"msg":"shutdown completed"}
{"time":"2025-05-30T13:56:29.046783685+03:00","level":"WARN","source":{"function":"main.startMigrations","file":"/home/fzrdub/go/test-task-2905/cmd/app/main.go","line":123},"msg":"Migarate didn't run. Nothing to change"}
{"time":"2025-05-30T13:56:29.046933132+03:00","level":"INFO","source":{"function":"main.main","file":"/home/fzrdub/go/test-task-2905/cmd/app/main.go","line":82},"msg":"HTTP server is runned","addres":"localhost:8080"}
{"time":"2025-05-30T13:56:29.046954757+03:00","level":"INFO","source":{"function":"main.main","file":"/home/fzrdub/go/test-task-2905/cmd/app/main.go","line":84},"msg":"App is started"}
{"time":"2025-05-30T13:56:29.046968732+03:00","level":"INFO","source":{"function":"main.main.func2","file":"/home/fzrdub/go/test-task-2905/cmd/app/main.go","line":70},"msg":"Started to ping databse"}
{"time":"2025-05-30T13:56:29.046977678+03:00","level":"INFO","source":{"function":"main.main.func1","file":"/home/fzrdub/go/test-task-2905/cmd/app/main.go","line":65},"msg":"HTTP server started","Addres":"localhost:8080"}
{"time":"2025-05-30T13:56:30.53785657+03:00","level":"INFO","source":{"function":"app/internal/api.New.(*API).Middlewares.New.func1","file":"/home/fzrdub/go/test-task-2905/internal/api/middleware/logger/logger.go","line":14},"msg":"logger middleware enabled","component":"middleware/logger"}
{"time":"2025-05-30T13:56:30.537899811+03:00","level":"ERROR","source":{"function":"app/internal/api.New.(*API).Middlewares.New.func1.1","file":"/home/fzrdub/go/test-task-2905/internal/api/middleware/logger/logger.go","line":20},"msg":"requestID not found in context","component":"middleware/logger"}
{"time":"2025-05-30T13:56:42.824252151+03:00","level":"ERROR","source":{"function":"main.main","file":"/home/fzrdub/go/test-task-2905/cmd/app/main.go","line":92},"msg":"received signal, starting graceful shutdown","signal":2}
{"time":"2025-05-30T13:56:42.824436236+03:00","level":"INFO","source":{"function":"main.main","file":"/home/fzrdub/go/test-task-2905/cmd/app/main.go","line":107},"msg":"Storage is closed. App is shuting down"}
{"time":"2025-05-30T13:56:42.824453913+03:00","level":"INFO","source":{"function":"main.main","file":"/home/fzrdub/go/test-task-2905/cmd/app/main.go","line":109},"msg":"shutdown completed"}
{"time":"2025-05-30T13:57:36.868261079+03:00","level":"WARN","source":{"function":"main.startMigrations","file":"/home/fzrdub/go/test-task-2905/cmd/app/main.go","line":123},"msg":"Migarate didn't run. Nothing to change"}
{"time":"2025-05-30T13:57:36.868415276+03:00","level":"INFO","source":{"function":"main.main","file":"/home/fzrdub/go/test-task-2905/cmd/app/main.go","line":82},"msg":"HTTP server is runned","addres":"localhost:8080"}
{"time":"2025-05-30T13:57:36.868437584+03:00","level":"INFO","source":{"function":"main.main","file":"/home/fzrdub/go/test-task-2905/cmd/app/main.go","line":84},"msg":"App is started"}
{"time":"2025-05-30T13:57:36.868449681+03:00","level":"INFO","source":{"function":"main.main.func2","file":"/home/fzrdub/go/test-task-2905/cmd/app/main.go","line":70},"msg":"Started to ping databse"}
{"time":"2025-05-30T13:57:36.868457572+03:00","level":"INFO","source":{"function":"main.main.func1","file":"/home/fzrdub/go/test-task-2905/cmd/app/main.go","line":65},"msg":"HTTP server started","Addres":"localhost:8080"}
{"time":"2025-05-30T13:57:38.045335005+03:00","level":"INFO","source":{"function":"app/internal/api.New.(*API).Middlewares.New.func1","file":"/home/fzrdub/go/test-task-2905/internal/api/middleware/logger/logger.go","line":15},"msg":"logger middleware enabled","component":"middleware/logger"}
{"time":"2025-05-30T13:57:38.045373023+03:00","level":"INFO","source":{"function":"app/internal/api.New.(*API).Middlewares.New.func1.1","file":"/home/fzrdub/go/test-task-2905/internal/api/middleware/logger/logger.go","line":41},"msg":"request received","component":"middleware/logger","method":"POST","path":"/api/v1/quotes","remote_addr":"127.0.0.1:55954","user_agent":"PostmanRuntime/7.44.0","reques_id":"8079429e-657a-42a2-bef9-7b383e9c1f6d"}
{"time":"2025-05-30T13:57:51.14772372+03:00","level":"ERROR","source":{"function":"main.main","file":"/home/fzrdub/go/test-task-2905/cmd/app/main.go","line":92},"msg":"received signal, starting graceful shutdown","signal":2}
{"time":"2025-05-30T13:57:51.147924395+03:00","level":"INFO","source":{"function":"main.main","file":"/home/fzrdub/go/test-task-2905/cmd/app/main.go","line":107},"msg":"Storage is closed. App is shuting down"}
{"time":"2025-05-30T13:57:51.147941134+03:00","level":"INFO","source":{"function":"main.main","file":"/home/fzrdub/go/test-task-2905/cmd/app/main.go","line":109},"msg":"shutdown completed"}
{"time":"2025-05-30T14:09:52.397934713+03:00","level":"WARN","source":{"function":"main.startMigrations","file":"/home/fzrdub/go/test-task-2905/cmd/app/main.go","line":123},"msg":"Migarate didn't run. Nothing to change"}
{"time":"2025-05-30T14:09:52.398098293+03:00","level":"INFO","source":{"function":"main.main","file":"/home/fzrdub/go/test-task-2905/cmd/app/main.go","line":82},"msg":"HTTP server is runned","addres":"localhost:8080"}
{"time":"2025-05-30T14:09:52.398125423+03:00","level":"INFO","source":{"function":"main.main","file":"/home/fzrdub/go/test-task-2905/cmd/app/main.go","line":84},"msg":"App is started"}
{"time":"2025-05-30T14:09:52.398139337+03:00","level":"INFO","source":{"function":"main.main.func2","file":"/home/fzrdub/go/test-task-2905/cmd/app/main.go","line":70},"msg":"Started to ping databse"}
{"time":"2025-05-30T14:09:52.398147868+03:00","level":"INFO","source":{"function":"main.main.func1","file":"/home/fzrdub/go/test-task-2905/cmd/app/main.go","line":65},"msg":"HTTP server started","Addres":"localhost:8080"}
{"time":"2025-05-30T14:09:55.906080045+03:00","level":"INFO","source":{"function":"app/internal/api.New.(*API).Middlewares.New.func1","file":"/home/fzrdub/go/test-task-2905/internal/api/middleware/logger/logger.go","line":15},"msg":"logger middleware enabled","component":"middleware/logger"}
{"time":"2025-05-30T14:09:55.906118833+03:00","level":"INFO","source":{"function":"app/internal/api.New.(*API).Middlewares.New.func1.1","file":"/home/fzrdub/go/test-task-2905/internal/api/middleware/logger/logger.go","line":41},"msg":"request received","component":"middleware/logger","method":"POST","path":"/api/v1/quotes","remote_addr":"127.0.0.1:46264","user_agent":"PostmanRuntime/7.44.0","reques_id":"26f83a1e-4166-4fa6-8301-05f36941fdb1"}
{"time":"2025-05-30T14:10:07.767779395+03:00","level":"ERROR","source":{"function":"main.main","file":"/home/fzrdub/go/test-task-2905/cmd/app/main.go","line":92},"msg":"received signal, starting graceful shutdown","signal":2}
{"time":"2025-05-30T14:10:07.767958667+03:00","level":"INFO","source":{"function":"main.main","file":"/home/fzrdub/go/test-task-2905/cmd/app/main.go","line":107},"msg":"Storage is closed. App is shuting down"}
{"time":"2025-05-30T14:10:07.767975315+03:00","level":"INFO","source":{"function":"main.main","file":"/home/fzrdub/go/test-task-2905/cmd/app/main.go","line":109},"msg":"shutdown completed"}
{"time":"2025-05-30T14:10:11.923691293+03:00","level":"WARN","source":{"function":"main.startMigrations","file":"/home/fzrdub/go/test-task-2905/cmd/app/main.go","line":123},"msg":"Migarate didn't run. Nothing to change"}
{"time":"2025-05-30T14:10:11.923858281+03:00","level":"INFO","source":{"function":"main.main","file":"/home/fzrdub/go/test-task-2905/cmd/app/main.go","line":82},"msg":"HTTP server is runned","addres":"localhost:8080"}
{"time":"2025-05-30T14:10:11.923890413+03:00","level":"INFO","source":{"function":"main.main","file":"/home/fzrdub/go/test-task-2905/cmd/app/main.go","line":84},"msg":"App is started"}
{"time":"2025-05-30T14:10:11.923910953+03:00","level":"INFO","source":{"function":"main.main.func2","file":"/home/fzrdub/go/test-task-2905/cmd/app/main.go","line":70},"msg":"Started to ping databse"}
{"time":"2025-05-30T14:10:11.92391064+03:00","level":"INFO","source":{"function":"main.main.func1","file":"/home/fzrdub/go/test-task-2905/cmd/app/main.go","line":65},"msg":"HTTP server started","Addres":"localhost:8080"}
{"time":"2025-05-30T14:10:13.305076947+03:00","level":"INFO","source":{"function":"app/internal/api.New.(*API).Middlewares.New.func1","file":"/home/fzrdub/go/test-task-2905/internal/api/middleware/logger/logger.go","line":15},"msg":"logger middleware enabled","component":"middleware/logger"}
{"time":"2025-05-30T14:10:13.305112314+03:00","level":"INFO","source":{"function":"app/internal/api.New.(*API).Middlewares.New.func1.1","file":"/home/fzrdub/go/test-task-2905/internal/api/middleware/logger/logger.go","line":41},"msg":"request received","component":"middleware/logger","method":"POST","path":"/api/v1/quotes","remote_addr":"127.0.0.1:46414","user_agent":"PostmanRuntime/7.44.0","reques_id":"f46867e4-bb6f-40e7-b120-fbec8a76759a"}
{"time":"2025-05-30T14:10:20.863865826+03:00","level":"ERROR","source":{"function":"main.main","file":"/home/fzrdub/go/test-task-2905/cmd/app/main.go","line":92},"msg":"received signal, starting graceful shutdown","signal":2}
{"time":"2025-05-30T14:10:20.864010055+03:00","level":"INFO","source":{"function":"main.main","file":"/home/fzrdub/go/test-task-2905/cmd/app/main.go","line":107},"msg":"Storage is closed. App is shuting down"}
{"time":"2025-05-30T14:10:20.864021618+03:00","level":"INFO","source":{"function":"main.main","file":"/home/fzrdub/go/test-task-2905/cmd/app/main.go","line":109},"msg":"shutdown completed"}
{"time":"2025-05-30T14:10:23.290869772+03:00","level":"WARN","source":{"function":"main.startMigrations","file":"/home/fzrdub/go/test-task-2905/cmd/app/main.go","line":123},"msg":"Migarate didn't run. Nothing to change"}
{"time":"2025-05-30T14:10:23.291027945+03:00","level":"INFO","source":{"function":"main.main","file":"/home/fzrdub/go/test-task-2905/cmd/app/main.go","line":82},"msg":"HTTP server is runned","addres":"localhost:8080"}
{"time":"2025-05-30T14:10:23.291058601+03:00","level":"INFO","source":{"function":"main.main","file":"/home/fzrdub/go/test-task-2905/cmd/app/main.go","line":84},"msg":"App is started"}
{"time":"2025-05-30T14:10:23.291071054+03:00","level":"INFO","source":{"function":"main.main.func2","file":"/home/fzrdub/go/test-task-2905/cmd/app/main.go","line":70},"msg":"Started to ping databse"}
{"time":"2025-05-30T14:10:23.291082375+03:00","level":"INFO","source":{"function":"main.main.func1","file":"/home/fzrdub/go/test-task-2905/cmd/app/main.go","line":65},"msg":"HTTP server started","Addres":"localhost:8080"}
{"time":"2025-05-30T14:10:26.42009162+03:00","level":"INFO","source":{"function":"app/internal/api.New.(*API).Middlewares.New.func1","file":"/home/fzrdub/go/test-task-2905/internal/api/middleware/logger/logger.go","line":15},"msg":"logger middleware enabled","component":"middleware/logger"}
{"time":"2025-05-30T14:10:26.420139523+03:00","level":"INFO","source":{"function":"app/internal/api.New.(*API).Middlewares.New.func1.1","file":"/home/fzrdub/go/test-task-2905/internal/api/middleware/logger/logger.go","line":41},"msg":"request received","component":"middleware/logger","method":"POST","path":"/api/v1/quotes","remote_addr":"127.0.0.1:46708","user_agent":"PostmanRuntime/7.44.0","reques_id":"b942385c-a50e-43d5-9ec5-2802228ac12a"}
{"time":"2025-05-30T14:10:51.425999108+03:00","level":"ERROR","source":{"function":"main.main","file":"/home/fzrdub/go/test-task-2905/cmd/app/main.go","line":92},"msg":"received signal, starting graceful shutdown","signal":2}
{"time":"2025-05-30T16:51:48.092783676+03:00","level":"WARN","source":{"function":"main.startMigrations","file":"/home/fzrdub/go/test-task-2905/cmd/app/main.go","line":123},"msg":"Migarate didn't run. Nothing to change"}
{"time":"2025-05-30T16:51:48.092919434+03:00","level":"INFO","source":{"function":"app/internal/api.Routes","file":"/home/fzrdub/go/test-task-2905/internal/api/api.go","line":67},"msg":"Available routes:"}
{"time":"2025-05-30T16:51:48.093073469+03:00","level":"INFO","source":{"function":"main.main","file":"/home/fzrdub/go/test-task-2905/cmd/app/main.go","line":82},"msg":"HTTP server is runned","addres":"localhost:8080"}
{"time":"2025-05-30T16:51:48.093095685+03:00","level":"INFO","source":{"function":"main.main","file":"/home/fzrdub/go/test-task-2905/cmd/app/main.go","line":84},"msg":"App is started"}
{"time":"2025-05-30T16:51:48.093104429+03:00","level":"INFO","source":{"function":"main.main.func2","file":"/home/fzrdub/go/test-task-2905/cmd/app/main.go","line":70},"msg":"Started to ping databse"}
{"time":"2025-05-30T16:51:48.09309555+03:00","level":"INFO","source":{"function":"main.main.func1","file":"/home/fzrdub/go/test-task-2905/cmd/app/main.go","line":65},"msg":"HTTP server started","Addres":"localhost:8080"}
{"time":"2025-05-30T16:51:49.058923806+03:00","level":"ERROR","source":{"function":"main.main","file":"/home/fzrdub/go/test-task-2905/cmd/app/main.go","line":92},"msg":"received signal, starting graceful shutdown","signal":2}
{"time":"2025-05-30T16:51:49.059083901+03:00","level":"INFO","source":{"function":"main.main","file":"/home/fzrdub/go/test-task-2905/cmd/app/main.go","line":107},"msg":"Storage is closed. App is shuting down"}
{"time":"2025-05-30T16:51:49.05909522+03:00","level":"INFO","source":{"function":"main.main","file":"/home/fzrdub/go/test-task-2905/cmd/app/main.go","line":109},"msg":"shutdown completed"}
{"time":"2025-05-30T16:51:51.999289282+03:00","level":"WARN","source":{"function":"main.startMigrations","file":"/home/fzrdub/go/test-task-2905/cmd/app/main.go","line":123},"msg":"Migarate didn't run. Nothing to change"}
{"time":"2025-05-30T16:51:51.99942222+03:00","level":"INFO","source":{"function":"app/internal/api.Routes","file":"/home/fzrdub/go/test-task-2905/internal/api/api.go","line":67},"msg":"Available routes:"}
{"time":"2025-05-30T16:51:51.999521488+03:00","level":"INFO","source":{"function":"main.main","file":"/home/fzrdub/go/test-task-2905/cmd/app/main.go","line":82},"msg":"HTTP server is runned","addres":"localhost:8080"}
{"time":"2025-05-30T16:51:51.999544583+03:00","level":"INFO","source":{"function":"main.main","file":"/home/fzrdub/go/test-task-2905/cmd/app/main.go","line":84},"msg":"App is started"}
{"time":"2025-05-30T16:51:51.999553238+03:00","level":"INFO","source":{"function":"main.main.func2","file":"/home/fzrdub/go/test-task-2905/cmd/app/main.go","line":70},"msg":"Started to ping databse"}
{"time":"2025-05-30T16:51:51.999560942+03:00","level":"INFO","source":{"function":"main.main.func1","file":"/home/fzrdub/go/test-task-2905/cmd/app/main.go","line":65},"msg":"HTTP server started","Addres":"localhost:8080"}
{"time":"2025-05-30T16:52:24.412280201+03:00","level":"WARN","source":{"function":"main.startMigrations","file":"/home/fzrdub/go/test-task-2905/cmd/app/main.go","line":123},"msg":"Migarate didn't run. Nothing to change"}
{"time":"2025-05-30T16:52:24.412395736+03:00","level":"INFO","source":{"function":"app/internal/api.Routes","file":"/home/fzrdub/go/test-task-2905/internal/api/api.go","line":67},"msg":"Available routes:"}
{"time":"2025-05-30T16:52:24.412487145+03:00","level":"INFO","source":{"function":"main.main","file":"/home/fzrdub/go/test-task-2905/cmd/app/main.go","line":82},"msg":"HTTP server is runned","addres":"localhost:8080"}
{"time":"2025-05-30T16:52:24.412516241+03:00","level":"INFO","source":{"function":"main.main","file":"/home/fzrdub/go/test-task-2905/cmd/app/main.go","line":84},"msg":"App is started"}
{"time":"2025-05-30T16:52:24.41253098+03:00","level":"INFO","source":{"function":"main.main.func2","file":"/home/fzrdub/go/test-task-2905/cmd/app/main.go","line":70},"msg":"Started to ping databse"}
{"time":"2025-05-30T16:52:24.412543339+03:00","level":"INFO","source":{"function":"main.main.func1","file":"/home/fzrdub/go/test-task-2905/cmd/app/main.go","line":65},"msg":"HTTP server started","Addres":"localhost:8080"}
{"time":"2025-05-30T16:52:26.141263992+03:00","level":"INFO","source":{"function":"app/internal/api.New.(*API).Middlewares.New.func1","file":"/home/fzrdub/go/test-task-2905/internal/api/middleware/logger/logger.go","line":15},"msg":"logger middleware enabled","component":"middleware/logger"}
{"time":"2025-05-30T16:52:26.14130241+03:00","level":"INFO","source":{"function":"app/internal/api.New.(*API).Middlewares.New.func1.1","file":"/home/fzrdub/go/test-task-2905/internal/api/middleware/logger/logger.go","line":41},"msg":"request received","component":"middleware/logger","method":"GET","path":"/api/v1/quotes","remote_addr":"127.0.0.1:58840","user_agent":"PostmanRuntime/7.44.0","reques_id":"38e9e815-a3b0-4d89-861a-0755b8b58db3"}
{"time":"2025-05-30T16:52:26.142436843+03:00","level":"INFO","source":{"function":"app/internal/api.(*API).Endpoints.New.func3","file":"/home/fzrdub/go/test-task-2905/internal/api/handlers/list/list.go","line":78},"msg":"quotes listed successfully","!BADKEY":"requestID","!BADKEY":"38e9e815-a3b0-4d89-861a-0755b8b58db3","count":9}
{"time":"2025-05-30T16:53:48.423261009+03:00","level":"ERROR","source":{"function":"main.main","file":"/home/fzrdub/go/test-task-2905/cmd/app/main.go","line":92},"msg":"received signal, starting graceful shutdown","signal":2}
{"time":"2025-05-30T16:53:48.423443528+03:00","level":"INFO","source":{"function":"main.main","file":"/home/fzrdub/go/test-task-2905/cmd/app/main.go","line":107},"msg":"Storage is closed. App is shuting down"}
{"time":"2025-05-30T16:53:48.423460297+03:00","level":"INFO","source":{"function":"main.main","file":"/home/fzrdub/go/test-task-2905/cmd/app/main.go","line":109},"msg":"shutdown completed"}
{"time":"2025-05-30T16:53:49.338590177+03:00","level":"WARN","source":{"function":"main.startMigrations","file":"/home/fzrdub/go/test-task-2905/cmd/app/main.go","line":123},"msg":"Migarate didn't run. Nothing to change"}
{"time":"2025-05-30T16:53:49.338711234+03:00","level":"INFO","source":{"function":"app/internal/api.Routes","file":"/home/fzrdub/go/test-task-2905/internal/api/api.go","line":67},"msg":"Available routes:"}
{"time":"2025-05-30T16:53:49.338823656+03:00","level":"INFO","source":{"function":"main.main","file":"/home/fzrdub/go/test-task-2905/cmd/app/main.go","line":82},"msg":"HTTP server is runned","addres":"localhost:8080"}
{"time":"2025-05-30T16:53:49.338855897+03:00","level":"INFO","source":{"function":"main.main","file":"/home/fzrdub/go/test-task-2905/cmd/app/main.go","line":84},"msg":"App is started"}
{"time":"2025-05-30T16:53:49.338869632+03:00","level":"INFO","source":{"function":"main.main.func2","file":"/home/fzrdub/go/test-task-2905/cmd/app/main.go","line":70},"msg":"Started to ping databse"}
{"time":"2025-05-30T16:53:49.338883275+03:00","level":"INFO","source":{"function":"main.main.func1","file":"/home/fzrdub/go/test-task-2905/cmd/app/main.go","line":65},"msg":"HTTP server started","Addres":"localhost:8080"}
{"time":"2025-05-30T16:53:50.912079231+03:00","level":"INFO","source":{"function":"app/internal/api.New.(*API).Middlewares.New.func1","file":"/home/fzrdub/go/test-task-2905/internal/api/middleware/logger/logger.go","line":15},"msg":"logger middleware enabled","component":"middleware/logger"}
{"time":"2025-05-30T16:53:50.912115762+03:00","level":"INFO","source":{"function":"app/internal/api.New.(*API).Middlewares.New.func1.1","file":"/home/fzrdub/go/test-task-2905/internal/api/middleware/logger/logger.go","line":33},"msg":"request received","component":"middleware/logger","method":"GET","path":"/api/v1/quotes","remote_addr":"127.0.0.1:42198","user_agent":"PostmanRuntime/7.44.0"}
{"time":"2025-05-30T16:53:50.913128789+03:00","level":"INFO","source":{"function":"app/internal/api.(*API).Endpoints.New.func3","file":"/home/fzrdub/go/test-task-2905/internal/api/handlers/list/list.go","line":78},"msg":"quotes listed successfully","requestID":"08de494e-bdf8-40f0-8097-1a92c467d869","count":9}
{"time":"2025-05-30T16:54:14.032725648+03:00","level":"INFO","source":{"function":"app/internal/api.New.(*API).Middlewares.New.func1","file":"/home/fzrdub/go/test-task-2905/internal/api/middleware/logger/logger.go","line":15},"msg":"logger middleware enabled","component":"middleware/logger","component":"middleware/logger"}
{"time":"2025-05-30T16:54:14.032773695+03:00","level":"INFO","source":{"function":"app/internal/api.New.(*API).Middlewares.New.func1.1","file":"/home/fzrdub/go/test-task-2905/internal/api/middleware/logger/logger.go","line":33},"msg":"request received","component":"middleware/logger","component":"middleware/logger","method":"GET","path":"/api/v1/quotes","remote_addr":"127.0.0.1:42198","user_agent":"PostmanRuntime/7.44.0"}
{"time":"2025-05-30T16:54:14.03321553+03:00","level":"INFO","source":{"function":"app/internal/api.(*API).Endpoints.New.func3","file":"/home/fzrdub/go/test-task-2905/internal/api/handlers/list/list.go","line":78},"msg":"quotes listed successfully","requestID":"08de494e-bdf8-40f0-8097-1a92c467d869","requestID":"1f16bcc4-7f05-413a-bcb5-e585d555eac9","count":9}
{"time":"2025-05-30T16:54:24.23577623+03:00","level":"ERROR","source":{"function":"main.main","file":"/home/fzrdub/go/test-task-2905/cmd/app/main.go","line":92},"msg":"received signal, starting graceful shutdown","signal":2}
{"time":"2025-05-30T16:54:24.235984952+03:00","level":"INFO","source":{"function":"main.main","file":"/home/fzrdub/go/test-task-2905/cmd/app/main.go","line":107},"msg":"Storage is closed. App is shuting down"}
{"time":"2025-05-30T16:54:24.23600114+03:00","level":"INFO","source":{"function":"main.main","file":"/home/fzrdub/go/test-task-2905/cmd/app/main.go","line":109},"msg":"shutdown completed"}
{"time":"2025-05-30T16:54:41.948784022+03:00","level":"WARN","source":{"function":"main.startMigrations","file":"/home/fzrdub/go/test-task-2905/cmd/app/main.go","line":123},"msg":"Migarate didn't run. Nothing to change"}
{"time":"2025-05-30T16:54:41.94891167+03:00","level":"INFO","source":{"function":"app/internal/api.Routes","file":"/home/fzrdub/go/test-task-2905/internal/api/api.go","line":67},"msg":"Available routes:"}
{"time":"2025-05-30T16:54:41.949007747+03:00","level":"INFO","source":{"function":"main.main","file":"/home/fzrdub/go/test-task-2905/cmd/app/main.go","line":82},"msg":"HTTP server is runned","addres":"localhost:8080"}
{"time":"2025-05-30T16:54:41.949033159+03:00","level":"INFO","source":{"function":"main.main","file":"/home/fzrdub/go/test-task-2905/cmd/app/main.go","line":84},"msg":"App is started"}
{"time":"2025-05-30T16:54:41.949042778+03:00","level":"INFO","source":{"function":"main.main.func2","file":"/home/fzrdub/go/test-task-2905/cmd/app/main.go","line":70},"msg":"Started to ping databse"}
{"time":"2025-05-30T16:54:41.94905337+03:00","level":"INFO","source":{"function":"main.main.func1","file":"/home/fzrdub/go/test-task-2905/cmd/app/main.go","line":65},"msg":"HTTP server started","Addres":"localhost:8080"}
{"time":"2025-05-30T16:54:43.611110639+03:00","level":"INFO","source":{"function":"app/internal/api.New.(*API).Middlewares.New.func1","file":"/home/fzrdub/go/test-task-2905/internal/api/middleware/logger/logger.go","line":15},"msg":"logger middleware enabled","component":"middleware/logger"}
{"time":"2025-05-30T16:54:43.61114407+03:00","level":"INFO","source":{"function":"app/internal/api.New.(*API).Middlewares.New.func1.1","file":"/home/fzrdub/go/test-task-2905/internal/api/middleware/logger/logger.go","line":41},"msg":"request received","component":"middleware/logger","method":"GET","path":"/api/v1/quotes","remote_addr":"127.0.0.1:33898","user_agent":"PostmanRuntime/7.44.0","request_id":"91e26e4f-d0b0-4296-817c-edcc9214d335"}
{"time":"2025-05-30T16:54:43.612285826+03:00","level":"INFO","source":{"function":"app/internal/api.(*API).Endpoints.New.func3","file":"/home/fzrdub/go/test-task-2905/internal/api/handlers/list/list.go","line":78},"msg":"quotes listed successfully","requestID":"91e26e4f-d0b0-4296-817c-edcc9214d335","count":9}
{"time":"2025-05-30T16:55:05.4658251+03:00","level":"INFO","source":{"function":"app/internal/api.New.(*API).Middlewares.New.func1","file":"/home/fzrdub/go/test-task-2905/internal/api/middleware/logger/logger.go","line":15},"msg":"logger middleware enabled","component":"middleware/logger","component":"middleware/logger"}
{"time":"2025-05-30T16:55:05.465875052+03:00","level":"INFO","source":{"function":"app/internal/api.New.(*API).Middlewares.New.func1.1","file":"/home/fzrdub/go/test-task-2905/internal/api/middleware/logger/logger.go","line":41},"msg":"request received","component":"middleware/logger","component":"middleware/logger","method":"GET","path":"/api/v1/quotes","remote_addr":"127.0.0.1:33898","user_agent":"PostmanRuntime/7.44.0","request_id":"a542b0c7-06c7-4a8c-85fd-d9835b1d9ef1"}
{"time":"2025-05-30T16:55:05.466337472+03:00","level":"INFO","source":{"function":"app/internal/api.(*API).Endpoints.New.func3","file":"/home/fzrdub/go/test-task-2905/internal/api/handlers/list/list.go","line":78},"msg":"quotes listed successfully","requestID":"91e26e4f-d0b0-4296-817c-edcc9214d335","requestID":"a542b0c7-06c7-4a8c-85fd-d9835b1d9ef1","count":9}
{"time":"2025-05-30T16:55:40.319476763+03:00","level":"ERROR","source":{"function":"main.main","file":"/home/fzrdub/go/test-task-2905/cmd/app/main.go","line":92},"msg":"received signal, starting graceful shutdown","signal":2}
{"time":"2025-05-30T16:55:40.319659257+03:00","level":"INFO","source":{"function":"main.main","file":"/home/fzrdub/go/test-task-2905/cmd/app/main.go","line":107},"msg":"Storage is closed. App is shuting down"}
{"time":"2025-05-30T16:55:40.319671683+03:00","level":"INFO","source":{"function":"main.main","file":"/home/fzrdub/go/test-task-2905/cmd/app/main.go","line":109},"msg":"shutdown completed"}
{"time":"2025-05-30T16:55:41.654366365+03:00","level":"WARN","source":{"function":"main.startMigrations","file":"/home/fzrdub/go/test-task-2905/cmd/app/main.go","line":123},"msg":"Migarate didn't run. Nothing to change"}
{"time":"2025-05-30T16:55:41.654501059+03:00","level":"INFO","source":{"function":"app/internal/api.Routes","file":"/home/fzrdub/go/test-task-2905/internal/api/api.go","line":67},"msg":"Available routes:"}
{"time":"2025-05-30T16:55:41.654608943+03:00","level":"INFO","source":{"function":"main.main","file":"/home/fzrdub/go/test-task-2905/cmd/app/main.go","line":82},"msg":"HTTP server is runned","addres":"localhost:8080"}
{"time":"2025-05-30T16:55:41.654639251+03:00","level":"INFO","source":{"function":"main.main","file":"/home/fzrdub/go/test-task-2905/cmd/app/main.go","line":84},"msg":"App is started"}
{"time":"2025-05-30T16:55:41.654649132+03:00","level":"INFO","source":{"function":"main.main.func2","file":"/home/fzrdub/go/test-task-2905/cmd/app/main.go","line":70},"msg":"Started to ping databse"}
{"time":"2025-05-30T16:55:41.65465807+03:00","level":"INFO","source":{"function":"main.main.func1","file":"/home/fzrdub/go/test-task-2905/cmd/app/main.go","line":65},"msg":"HTTP server started","Addres":"localhost:8080"}
{"time":"2025-05-30T16:55:43.370570716+03:00","level":"INFO","source":{"function":"app/internal/api.New.(*API).Middlewares.New.func1.1","file":"/home/fzrdub/go/test-task-2905/internal/api/middleware/logger/logger.go","line":36},"msg":"request received","method":"GET","path":"/api/v1/quotes","remote_addr":"127.0.0.1:47440","user_agent":"PostmanRuntime/7.44.0","request_id":"1c1743aa-9b77-4bd2-b25a-f55d884cf67c"}
{"time":"2025-05-30T16:55:43.371776011+03:00","level":"INFO","source":{"function":"app/internal/api.(*API).Endpoints.New.func3","file":"/home/fzrdub/go/test-task-2905/internal/api/handlers/list/list.go","line":78},"msg":"quotes listed successfully","requestID":"1c1743aa-9b77-4bd2-b25a-f55d884cf67c","count":9}
{"time":"2025-05-30T16:56:00.743413874+03:00","level":"INFO","source":{"function":"app/internal/api.New.(*API).Middlewares.New.func1.1","file":"/home/fzrdub/go/test-task-2905/internal/api/middleware/logger/logger.go","line":36},"msg":"request received","method":"GET","path":"/api/v1/quotes","remote_addr":"127.0.0.1:47440","user_agent":"PostmanRuntime/7.44.0","request_id":"f3dd4556-9f2c-45f2-baef-89f5b9385aa8"}
{"time":"2025-05-30T16:56:00.743899607+03:00","level":"INFO","source":{"function":"app/internal/api.(*API).Endpoints.New.func3","file":"/home/fzrdub/go/test-task-2905/internal/api/handlers/list/list.go","line":78},"msg":"quotes listed successfully","requestID":"1c1743aa-9b77-4bd2-b25a-f55d884cf67c","requestID":"f3dd4556-9f2c-45f2-baef-89f5b9385aa8","count":9}
{"time":"2025-05-30T16:56:23.167180011+03:00","level":"ERROR","source":{"function":"main.main","file":"/home/fzrdub/go/test-task-2905/cmd/app/main.go","line":92},"msg":"received signal, starting graceful shutdown","signal":2}
{"time":"2025-05-30T16:56:23.167359634+03:00","level":"INFO","source":{"function":"main.main","file":"/home/fzrdub/go/test-task-2905/cmd/app/main.go","line":107},"msg":"Storage is closed. App is shuting down"}
{"time":"2025-05-30T16:56:23.167375442+03:00","level":"INFO","source":{"function":"main.main","file":"/home/fzrdub/go/test-task-2905/cmd/app/main.go","line":109},"msg":"shutdown completed"}
{"time":"2025-05-30T16:56:24.015852826+03:00","level":"WARN","source":{"function":"main.startMigrations","file":"/home/fzrdub/go/test-task-2905/cmd/app/main.go","line":123},"msg":"Migarate didn't run. Nothing to change"}
{"time":"2025-05-30T16:56:24.01597552+03:00","level":"INFO","source":{"function":"app/internal/api.Routes","file":"/home/fzrdub/go/test-task-2905/internal/api/api.go","line":67},"msg":"Available routes:"}
{"time":"2025-05-30T16:56:24.016078439+03:00","level":"INFO","source":{"function":"main.main","file":"/home/fzrdub/go/test-task-2905/cmd/app/main.go","line":82},"msg":"HTTP server is runned","addres":"localhost:8080"}
{"time":"2025-05-30T16:56:24.016107409+03:00","level":"INFO","source":{"function":"main.main","file":"/home/fzrdub/go/test-task-2905/cmd/app/main.go","line":84},"msg":"App is started"}
{"time":"2025-05-30T16:56:24.016116436+03:00","level":"INFO","source":{"function":"main.main.func2","file":"/home/fzrdub/go/test-task-2905/cmd/app/main.go","line":70},"msg":"Started to ping databse"}
{"time":"2025-05-30T16:56:24.016125124+03:00","level":"INFO","source":{"function":"main.main.func1","file":"/home/fzrdub/go/test-task-2905/cmd/app/main.go","line":65},"msg":"HTTP server started","Addres":"localhost:8080"}
{"time":"2025-05-30T16:56:25.129790099+03:00","level":"INFO","source":{"function":"app/internal/api.New.(*API).Middlewares.New.func1.1","file":"/home/fzrdub/go/test-task-2905/internal/api/middleware/logger/logger.go","line":36},"msg":"request received","method":"GET","path":"/api/v1/quotes","remote_addr":"127.0.0.1:55266","user_agent":"PostmanRuntime/7.44.0","request_id":"28e00383-7ef2-4342-b326-22312346600c"}
{"time":"2025-05-30T16:56:25.131011607+03:00","level":"INFO","source":{"function":"app/internal/api.(*API).Endpoints.New.func3","file":"/home/fzrdub/go/test-task-2905/internal/api/handlers/list/list.go","line":78},"msg":"quotes listed successfully","requestID":"28e00383-7ef2-4342-b326-22312346600c","count":9}
{"time":"2025-05-30T16:56:25.728231767+03:00","level":"INFO","source":{"function":"app/internal/api.New.(*API).Middlewares.New.func1.1","file":"/home/fzrdub/go/test-task-2905/internal/api/middleware/logger/logger.go","line":36},"msg":"request received","method":"GET","path":"/api/v1/quotes","remote_addr":"127.0.0.1:55266","user_agent":"PostmanRuntime/7.44.0","request_id":"9c402b1f-dd5c-4b14-a31e-d7381af74802"}
{"time":"2025-05-30T16:56:25.728642522+03:00","level":"INFO","source":{"function":"app/internal/api.(*API).Endpoints.New.func3","file":"/home/fzrdub/go/test-task-2905/internal/api/handlers/list/list.go","line":78},"msg":"quotes listed successfully","requestID":"9c402b1f-dd5c-4b14-a31e-d7381af74802","count":9}
{"time":"2025-05-30T16:56:27.579021353+03:00","level":"INFO","source":{"function":"app/internal/api.New.(*API).Middlewares.New.func1.1","file":"/home/fzrdub/go/test-task-2905/internal/api/middleware/logger/logger.go","line":36},"msg":"request received","method":"GET","path":"/api/v1/quotes","remote_addr":"127.0.0.1:55266","user_agent":"PostmanRuntime/7.44.0","request_id":"784eb9dd-936f-4ffc-96df-50f61c84d5d7"}
{"time":"2025-05-30T16:56:27.579462464+03:00","level":"INFO","source":{"function":"app/internal/api.(*API).Endpoints.New.func3","file":"/home/fzrdub/go/test-task-2905/internal/api/handlers/list/list.go","line":78},"msg":"quotes listed successfully","requestID":"784eb9dd-936f-4ffc-96df-50f61c84d5d7","count":9}
{"time":"2025-05-30T16:56:43.919337973+03:00","level":"ERROR","source":{"function":"main.main","file":"/home/fzrdub/go/test-task-2905/cmd/app/main.go","line":92},"msg":"received signal, starting graceful shutdown","signal":2}
{"time":"2025-05-30T16:56:43.919508113+03:00","level":"INFO","source":{"function":"main.main","file":"/home/fzrdub/go/test-task-2905/cmd/app/main.go","line":107},"msg":"Storage is closed. App is shuting down"}
{"time":"2025-05-30T16:56:43.919525266+03:00","level":"INFO","source":{"function":"main.main","file":"/home/fzrdub/go/test-task-2905/cmd/app/main.go","line":109},"msg":"shutdown completed"}
