{"time":"2025-05-30T14:11:19.820215422+03:00","level":"ERROR","source":{"function":"main.main","file":"/home/fzrdub/go/test-task-2905/cmd/app/main.go","line":46},"msg":"failed to start migrations","error":"can't start migration driver:failed to open source, \"file://migrations\": open .: no such file or directory"}
{"time":"2025-05-30T14:11:42.083884156+03:00","level":"WARN","source":{"function":"main.startMigrations","file":"/home/fzrdub/go/test-task-2905/cmd/app/main.go","line":123},"msg":"Migarate didn't run. Nothing to change"}
{"time":"2025-05-30T14:11:42.084144531+03:00","level":"INFO","source":{"function":"main.main","file":"/home/fzrdub/go/test-task-2905/cmd/app/main.go","line":82},"msg":"HTTP server is runned","addres":"localhost:8080"}
{"time":"2025-05-30T14:11:42.084174617+03:00","level":"INFO","source":{"function":"main.main","file":"/home/fzrdub/go/test-task-2905/cmd/app/main.go","line":84},"msg":"App is started"}
{"time":"2025-05-30T14:11:42.084188028+03:00","level":"INFO","source":{"function":"main.main.func2","file":"/home/fzrdub/go/test-task-2905/cmd/app/main.go","line":70},"msg":"Started to ping databse"}
{"time":"2025-05-30T14:11:42.084206079+03:00","level":"INFO","source":{"function":"main.main.func1","file":"/home/fzrdub/go/test-task-2905/cmd/app/main.go","line":65},"msg":"HTTP server started","Addres":"localhost:8080"}
{"time":"2025-05-30T14:11:44.088617894+03:00","level":"INFO","source":{"function":"app/internal/api/middleware/logger.New.func1","file":"/home/fzrdub/go/test-task-2905/internal/api/middleware/logger/logger.go","line":15},"msg":"logger middleware enabled","component":"middleware/logger"}
{"time":"2025-05-30T14:11:53.616787383+03:00","level":"INFO","source":{"function":"app/internal/api/middleware/logger.New.func1.1","file":"/home/fzrdub/go/test-task-2905/internal/api/middleware/logger/logger.go","line":41},"msg":"request received","component":"middleware/logger","method":"POST","path":"/api/v1/quotes","remote_addr":"127.0.0.1:38258","user_agent":"PostmanRuntime/7.44.0","reques_id":"f575dd70-efbb-4341-96a7-9d16173212bb"}
{"time":"2025-05-30T14:12:44.542614693+03:00","level":"WARN","source":{"function":"main.startMigrations","file":"/home/fzrdub/go/test-task-2905/cmd/app/main.go","line":123},"msg":"Migarate didn't run. Nothing to change"}
{"time":"2025-05-30T14:12:44.543018437+03:00","level":"INFO","source":{"function":"main.main","file":"/home/fzrdub/go/test-task-2905/cmd/app/main.go","line":82},"msg":"HTTP server is runned","addres":"localhost:8080"}
{"time":"2025-05-30T14:12:44.54306321+03:00","level":"INFO","source":{"function":"main.main","file":"/home/fzrdub/go/test-task-2905/cmd/app/main.go","line":84},"msg":"App is started"}
{"time":"2025-05-30T14:12:44.54308286+03:00","level":"INFO","source":{"function":"main.main.func2","file":"/home/fzrdub/go/test-task-2905/cmd/app/main.go","line":70},"msg":"Started to ping databse"}
{"time":"2025-05-30T14:12:44.543072269+03:00","level":"INFO","source":{"function":"main.main.func1","file":"/home/fzrdub/go/test-task-2905/cmd/app/main.go","line":65},"msg":"HTTP server started","Addres":"localhost:8080"}
{"time":"2025-05-30T14:12:46.815060825+03:00","level":"INFO","source":{"function":"app/internal/api/middleware/logger.New.func1","file":"/home/fzrdub/go/test-task-2905/internal/api/middleware/logger/logger.go","line":15},"msg":"logger middleware enabled","component":"middleware/logger"}
{"time":"2025-05-30T14:12:48.60728067+03:00","level":"INFO","source":{"function":"app/internal/api/middleware/logger.New.func1.1","file":"/home/fzrdub/go/test-task-2905/internal/api/middleware/logger/logger.go","line":41},"msg":"request received","component":"middleware/logger","method":"POST","path":"/api/v1/quotes","remote_addr":"127.0.0.1:33586","user_agent":"PostmanRuntime/7.44.0","reques_id":"10c4069c-6583-454d-b2c4-46c8820d75b2"}
{"time":"2025-05-30T14:21:15.824181563+03:00","level":"WARN","source":{"function":"main.startMigrations","file":"/home/fzrdub/go/test-task-2905/cmd/app/main.go","line":123},"msg":"Migarate didn't run. Nothing to change"}
{"time":"2025-05-30T14:21:15.824568859+03:00","level":"INFO","source":{"function":"main.main","file":"/home/fzrdub/go/test-task-2905/cmd/app/main.go","line":82},"msg":"HTTP server is runned","addres":"localhost:8080"}
{"time":"2025-05-30T14:21:15.824610398+03:00","level":"INFO","source":{"function":"main.main","file":"/home/fzrdub/go/test-task-2905/cmd/app/main.go","line":84},"msg":"App is started"}
{"time":"2025-05-30T14:21:15.824629521+03:00","level":"INFO","source":{"function":"main.main.func2","file":"/home/fzrdub/go/test-task-2905/cmd/app/main.go","line":70},"msg":"Started to ping databse"}
{"time":"2025-05-30T14:21:15.824632337+03:00","level":"INFO","source":{"function":"main.main.func1","file":"/home/fzrdub/go/test-task-2905/cmd/app/main.go","line":65},"msg":"HTTP server started","Addres":"localhost:8080"}
{"time":"2025-05-30T14:21:16.46355597+03:00","level":"INFO","source":{"function":"app/internal/api/middleware/logger.New.func1","file":"/home/fzrdub/go/test-task-2905/internal/api/middleware/logger/logger.go","line":15},"msg":"logger middleware enabled","component":"middleware/logger"}
{"time":"2025-05-30T14:21:19.265994876+03:00","level":"INFO","source":{"function":"app/internal/api/middleware/logger.New.func1.1","file":"/home/fzrdub/go/test-task-2905/internal/api/middleware/logger/logger.go","line":41},"msg":"request received","component":"middleware/logger","method":"POST","path":"/api/v1/quotes","remote_addr":"127.0.0.1:58122","user_agent":"PostmanRuntime/7.44.0","reques_id":"5ddee962-a8ff-44cc-9604-5bda9f4fe987"}
{"time":"2025-05-30T14:21:27.275050247+03:00","level":"ERROR","source":{"function":"app/internal/storage/postgres.(*PostgreStorage).Save","file":"/home/fzrdub/go/test-task-2905/internal/storage/postgres/posql.go","line":64},"msg":"failed to save quote","error":"expected 2 arguments, got 1"}
{"time":"2025-05-30T14:21:35.107857691+03:00","level":"ERROR","source":{"function":"app/internal/api/handlers/save.Save.func1","file":"/home/fzrdub/go/test-task-2905/internal/api/handlers/save/save.go","line":51},"msg":"failed to save quote","requestID":null,"error":"failed to save quote: expected 2 arguments, got 1","code":500}
{"time":"2025-05-30T14:21:45.476586998+03:00","level":"INFO","source":{"function":"app/internal/api/handlers/save.Save.func1","file":"/home/fzrdub/go/test-task-2905/internal/api/handlers/save/save.go","line":64},"msg":"quote saved","requestID":null,"id":0}
{"time":"2025-05-30T14:23:06.454337789+03:00","level":"WARN","source":{"function":"main.startMigrations","file":"/home/fzrdub/go/test-task-2905/cmd/app/main.go","line":123},"msg":"Migarate didn't run. Nothing to change"}
{"time":"2025-05-30T14:23:06.454517078+03:00","level":"INFO","source":{"function":"main.main","file":"/home/fzrdub/go/test-task-2905/cmd/app/main.go","line":82},"msg":"HTTP server is runned","addres":"localhost:8080"}
{"time":"2025-05-30T14:23:06.45454229+03:00","level":"INFO","source":{"function":"main.main","file":"/home/fzrdub/go/test-task-2905/cmd/app/main.go","line":84},"msg":"App is started"}
{"time":"2025-05-30T14:23:06.454555889+03:00","level":"INFO","source":{"function":"main.main.func2","file":"/home/fzrdub/go/test-task-2905/cmd/app/main.go","line":70},"msg":"Started to ping databse"}
{"time":"2025-05-30T14:23:06.454574201+03:00","level":"INFO","source":{"function":"main.main.func1","file":"/home/fzrdub/go/test-task-2905/cmd/app/main.go","line":65},"msg":"HTTP server started","Addres":"localhost:8080"}
{"time":"2025-05-30T14:23:06.50647282+03:00","level":"INFO","source":{"function":"app/internal/api/middleware/logger.New.func1","file":"/home/fzrdub/go/test-task-2905/internal/api/middleware/logger/logger.go","line":15},"msg":"logger middleware enabled","component":"middleware/logger"}
{"time":"2025-05-30T14:23:06.506517058+03:00","level":"INFO","source":{"function":"app/internal/api/middleware/logger.New.func1.1","file":"/home/fzrdub/go/test-task-2905/internal/api/middleware/logger/logger.go","line":41},"msg":"request received","component":"middleware/logger","method":"POST","path":"/api/v1/quotes","remote_addr":"127.0.0.1:36590","user_agent":"PostmanRuntime/7.44.0","reques_id":"83d6afc7-fb85-482f-8f3a-5efe6db2e5c2"}
{"time":"2025-05-30T14:23:07.318114586+03:00","level":"ERROR","source":{"function":"app/internal/storage/postgres.(*PostgreStorage).Save","file":"/home/fzrdub/go/test-task-2905/internal/storage/postgres/posql.go","line":64},"msg":"failed to save quote","error":"expected 2 arguments, got 1"}
{"time":"2025-05-30T14:23:07.318152889+03:00","level":"ERROR","source":{"function":"app/internal/api/handlers/save.Save.func1","file":"/home/fzrdub/go/test-task-2905/internal/api/handlers/save/save.go","line":51},"msg":"failed to save quote","requestID":null,"error":"failed to save quote: expected 2 arguments, got 1","code":500}
{"time":"2025-05-30T14:26:04.881124379+03:00","level":"WARN","source":{"function":"main.startMigrations","file":"/home/fzrdub/go/test-task-2905/cmd/app/main.go","line":123},"msg":"Migarate didn't run. Nothing to change"}
{"time":"2025-05-30T14:26:04.881473977+03:00","level":"INFO","source":{"function":"main.main","file":"/home/fzrdub/go/test-task-2905/cmd/app/main.go","line":82},"msg":"HTTP server is runned","addres":"localhost:8080"}
{"time":"2025-05-30T14:26:04.88148357+03:00","level":"INFO","source":{"function":"main.main.func1","file":"/home/fzrdub/go/test-task-2905/cmd/app/main.go","line":65},"msg":"HTTP server started","Addres":"localhost:8080"}
{"time":"2025-05-30T14:26:04.881510864+03:00","level":"INFO","source":{"function":"main.main","file":"/home/fzrdub/go/test-task-2905/cmd/app/main.go","line":84},"msg":"App is started"}
{"time":"2025-05-30T14:26:04.881532918+03:00","level":"INFO","source":{"function":"main.main.func2","file":"/home/fzrdub/go/test-task-2905/cmd/app/main.go","line":70},"msg":"Started to ping databse"}
{"time":"2025-05-30T14:26:05.340653753+03:00","level":"INFO","source":{"function":"app/internal/api/middleware/logger.New.func1","file":"/home/fzrdub/go/test-task-2905/internal/api/middleware/logger/logger.go","line":15},"msg":"logger middleware enabled","component":"middleware/logger"}
{"time":"2025-05-30T14:26:05.340711318+03:00","level":"INFO","source":{"function":"app/internal/api/middleware/logger.New.func1.1","file":"/home/fzrdub/go/test-task-2905/internal/api/middleware/logger/logger.go","line":41},"msg":"request received","component":"middleware/logger","method":"POST","path":"/api/v1/quotes","remote_addr":"127.0.0.1:34132","user_agent":"PostmanRuntime/7.44.0","reques_id":"9ce63c76-cdcb-47ee-a562-38f2e39ce816"}
{"time":"2025-05-30T14:26:11.361098281+03:00","level":"ERROR","source":{"function":"app/internal/storage/postgres.(*PostgreStorage).Save","file":"/home/fzrdub/go/test-task-2905/internal/storage/postgres/posql.go","line":64},"msg":"failed to save quote","error":"expected 2 arguments, got 1"}
{"time":"2025-05-30T14:26:13.152979189+03:00","level":"ERROR","source":{"function":"app/internal/api/handlers/save.Save.func1","file":"/home/fzrdub/go/test-task-2905/internal/api/handlers/save/save.go","line":52},"msg":"failed to save quote","requestID":null,"error":"failed to save quote: expected 2 arguments, got 1","code":500}
{"time":"2025-05-30T14:26:27.617413756+03:00","level":"WARN","source":{"function":"main.startMigrations","file":"/home/fzrdub/go/test-task-2905/cmd/app/main.go","line":123},"msg":"Migarate didn't run. Nothing to change"}
{"time":"2025-05-30T14:26:27.617686507+03:00","level":"INFO","source":{"function":"main.main","file":"/home/fzrdub/go/test-task-2905/cmd/app/main.go","line":82},"msg":"HTTP server is runned","addres":"localhost:8080"}
{"time":"2025-05-30T14:26:27.617712722+03:00","level":"INFO","source":{"function":"main.main","file":"/home/fzrdub/go/test-task-2905/cmd/app/main.go","line":84},"msg":"App is started"}
{"time":"2025-05-30T14:26:27.617705336+03:00","level":"INFO","source":{"function":"main.main.func1","file":"/home/fzrdub/go/test-task-2905/cmd/app/main.go","line":65},"msg":"HTTP server started","Addres":"localhost:8080"}
{"time":"2025-05-30T14:26:27.617837586+03:00","level":"INFO","source":{"function":"main.main.func2","file":"/home/fzrdub/go/test-task-2905/cmd/app/main.go","line":70},"msg":"Started to ping databse"}
{"time":"2025-05-30T14:26:31.212966902+03:00","level":"INFO","source":{"function":"app/internal/api/middleware/logger.New.func1","file":"/home/fzrdub/go/test-task-2905/internal/api/middleware/logger/logger.go","line":15},"msg":"logger middleware enabled","component":"middleware/logger"}
{"time":"2025-05-30T14:26:31.213019552+03:00","level":"INFO","source":{"function":"app/internal/api/middleware/logger.New.func1.1","file":"/home/fzrdub/go/test-task-2905/internal/api/middleware/logger/logger.go","line":41},"msg":"request received","component":"middleware/logger","method":"POST","path":"/api/v1/quotes","remote_addr":"127.0.0.1:45420","user_agent":"PostmanRuntime/7.44.0","reques_id":"8211f4d1-5ccd-494e-a512-ce12522aa69a"}
{"time":"2025-05-30T14:34:36.272152856+03:00","level":"WARN","source":{"function":"main.startMigrations","file":"/home/fzrdub/go/test-task-2905/cmd/app/main.go","line":123},"msg":"Migarate didn't run. Nothing to change"}
{"time":"2025-05-30T14:34:36.272441687+03:00","level":"INFO","source":{"function":"main.main","file":"/home/fzrdub/go/test-task-2905/cmd/app/main.go","line":82},"msg":"HTTP server is runned","addres":"localhost:8080"}
{"time":"2025-05-30T14:34:36.272480547+03:00","level":"INFO","source":{"function":"main.main","file":"/home/fzrdub/go/test-task-2905/cmd/app/main.go","line":84},"msg":"App is started"}
{"time":"2025-05-30T14:34:36.272495538+03:00","level":"INFO","source":{"function":"main.main.func2","file":"/home/fzrdub/go/test-task-2905/cmd/app/main.go","line":70},"msg":"Started to ping databse"}
{"time":"2025-05-30T14:34:36.272495726+03:00","level":"INFO","source":{"function":"main.main.func1","file":"/home/fzrdub/go/test-task-2905/cmd/app/main.go","line":65},"msg":"HTTP server started","Addres":"localhost:8080"}
{"time":"2025-05-30T14:34:40.681537175+03:00","level":"INFO","source":{"function":"app/internal/api/middleware/logger.New.func1","file":"/home/fzrdub/go/test-task-2905/internal/api/middleware/logger/logger.go","line":15},"msg":"logger middleware enabled","component":"middleware/logger"}
{"time":"2025-05-30T14:34:40.681590611+03:00","level":"INFO","source":{"function":"app/internal/api/middleware/logger.New.func1.1","file":"/home/fzrdub/go/test-task-2905/internal/api/middleware/logger/logger.go","line":41},"msg":"request received","component":"middleware/logger","method":"POST","path":"/api/v1/quotes","remote_addr":"127.0.0.1:38926","user_agent":"PostmanRuntime/7.44.0","reques_id":"bb111bfe-b6e7-45da-b824-488a2b3e3c8d"}
{"time":"2025-05-30T14:34:53.378167841+03:00","level":"WARN","source":{"function":"main.startMigrations","file":"/home/fzrdub/go/test-task-2905/cmd/app/main.go","line":123},"msg":"Migarate didn't run. Nothing to change"}
{"time":"2025-05-30T14:34:53.378526075+03:00","level":"INFO","source":{"function":"main.main","file":"/home/fzrdub/go/test-task-2905/cmd/app/main.go","line":82},"msg":"HTTP server is runned","addres":"localhost:8080"}
{"time":"2025-05-30T14:34:53.378536446+03:00","level":"INFO","source":{"function":"main.main.func1","file":"/home/fzrdub/go/test-task-2905/cmd/app/main.go","line":65},"msg":"HTTP server started","Addres":"localhost:8080"}
{"time":"2025-05-30T14:34:53.378578272+03:00","level":"INFO","source":{"function":"main.main.func2","file":"/home/fzrdub/go/test-task-2905/cmd/app/main.go","line":70},"msg":"Started to ping databse"}
{"time":"2025-05-30T14:34:53.378565417+03:00","level":"INFO","source":{"function":"main.main","file":"/home/fzrdub/go/test-task-2905/cmd/app/main.go","line":84},"msg":"App is started"}
{"time":"2025-05-30T14:34:54.971338695+03:00","level":"INFO","source":{"function":"app/internal/api/middleware/logger.New.func1","file":"/home/fzrdub/go/test-task-2905/internal/api/middleware/logger/logger.go","line":15},"msg":"logger middleware enabled","component":"middleware/logger"}
{"time":"2025-05-30T14:34:54.971388031+03:00","level":"INFO","source":{"function":"app/internal/api/middleware/logger.New.func1.1","file":"/home/fzrdub/go/test-task-2905/internal/api/middleware/logger/logger.go","line":41},"msg":"request received","component":"middleware/logger","method":"POST","path":"/api/v1/quotes","remote_addr":"127.0.0.1:53438","user_agent":"PostmanRuntime/7.44.0","reques_id":"ce0a981f-c5fd-485a-a7c8-38b0c66e84ee"}
{"time":"2025-05-30T14:38:54.401714348+03:00","level":"WARN","source":{"function":"main.startMigrations","file":"/home/fzrdub/go/test-task-2905/cmd/app/main.go","line":123},"msg":"Migarate didn't run. Nothing to change"}
{"time":"2025-05-30T14:38:54.401992517+03:00","level":"INFO","source":{"function":"main.main","file":"/home/fzrdub/go/test-task-2905/cmd/app/main.go","line":82},"msg":"HTTP server is runned","addres":"localhost:8080"}
{"time":"2025-05-30T14:38:54.402022356+03:00","level":"INFO","source":{"function":"main.main","file":"/home/fzrdub/go/test-task-2905/cmd/app/main.go","line":84},"msg":"App is started"}
{"time":"2025-05-30T14:38:54.402037511+03:00","level":"INFO","source":{"function":"main.main.func2","file":"/home/fzrdub/go/test-task-2905/cmd/app/main.go","line":70},"msg":"Started to ping databse"}
{"time":"2025-05-30T14:38:54.402056326+03:00","level":"INFO","source":{"function":"main.main.func1","file":"/home/fzrdub/go/test-task-2905/cmd/app/main.go","line":65},"msg":"HTTP server started","Addres":"localhost:8080"}
{"time":"2025-05-30T14:38:56.965452136+03:00","level":"INFO","source":{"function":"app/internal/api/middleware/logger.New.func1","file":"/home/fzrdub/go/test-task-2905/internal/api/middleware/logger/logger.go","line":15},"msg":"logger middleware enabled","component":"middleware/logger"}
{"time":"2025-05-30T14:38:56.965500325+03:00","level":"INFO","source":{"function":"app/internal/api/middleware/logger.New.func1.1","file":"/home/fzrdub/go/test-task-2905/internal/api/middleware/logger/logger.go","line":41},"msg":"request received","component":"middleware/logger","method":"POST","path":"/api/v1/quotes","remote_addr":"127.0.0.1:49402","user_agent":"PostmanRuntime/7.44.0","reques_id":"d3d52aa9-881f-4377-81d5-a2e973d2f659"}
{"time":"2025-05-30T14:39:02.380859249+03:00","level":"ERROR","source":{"function":"app/internal/api/handlers/save.Save.func1","file":"/home/fzrdub/go/test-task-2905/internal/api/handlers/save/save.go","line":40},"msg":"Invalid request body","requestID":null,"error":"Key: 'Quote.Author' Error:Field validation for 'Author' failed on the 'required' tag"}
{"time":"2025-05-30T14:39:19.021351191+03:00","level":"INFO","source":{"function":"app/internal/api/middleware/logger.New.func1","file":"/home/fzrdub/go/test-task-2905/internal/api/middleware/logger/logger.go","line":15},"msg":"logger middleware enabled","component":"middleware/logger","component":"middleware/logger"}
{"time":"2025-05-30T14:39:19.021414477+03:00","level":"INFO","source":{"function":"app/internal/api/middleware/logger.New.func1.1","file":"/home/fzrdub/go/test-task-2905/internal/api/middleware/logger/logger.go","line":41},"msg":"request received","component":"middleware/logger","component":"middleware/logger","method":"POST","path":"/api/v1/quotes","remote_addr":"127.0.0.1:49402","user_agent":"PostmanRuntime/7.44.0","reques_id":"565eaec0-2cdd-4ebc-8bc7-8a79f3d7d5e2"}
{"time":"2025-05-30T14:39:22.415720979+03:00","level":"ERROR","source":{"function":"app/internal/storage/postgres.(*PostgreStorage).Save","file":"/home/fzrdub/go/test-task-2905/internal/storage/postgres/posql.go","line":64},"msg":"failed to save quote","error":"expected 2 arguments, got 1"}
{"time":"2025-05-30T14:39:22.415769732+03:00","level":"ERROR","source":{"function":"app/internal/services/quteos.(*Service).Save","file":"/home/fzrdub/go/test-task-2905/internal/services/quteos/quotes.go","line":79},"msg":"failed to save quote","error":"failed to save quote: expected 2 arguments, got 1"}
{"time":"2025-05-30T14:39:23.639001415+03:00","level":"ERROR","source":{"function":"app/internal/api/handlers/save.Save.func1","file":"/home/fzrdub/go/test-task-2905/internal/api/handlers/save/save.go","line":49},"msg":"failed to save quote","requestID":null,"requestID":null,"error":"failed to save quote: failed to save quote: expected 2 arguments, got 1","code":500}
{"time":"2025-05-30T14:40:33.829585375+03:00","level":"WARN","source":{"function":"main.startMigrations","file":"/home/fzrdub/go/test-task-2905/cmd/app/main.go","line":123},"msg":"Migarate didn't run. Nothing to change"}
{"time":"2025-05-30T14:40:33.829908287+03:00","level":"INFO","source":{"function":"main.main","file":"/home/fzrdub/go/test-task-2905/cmd/app/main.go","line":82},"msg":"HTTP server is runned","addres":"localhost:8080"}
{"time":"2025-05-30T14:40:33.829927975+03:00","level":"INFO","source":{"function":"main.main.func1","file":"/home/fzrdub/go/test-task-2905/cmd/app/main.go","line":65},"msg":"HTTP server started","Addres":"localhost:8080"}
{"time":"2025-05-30T14:40:33.829939721+03:00","level":"INFO","source":{"function":"main.main","file":"/home/fzrdub/go/test-task-2905/cmd/app/main.go","line":84},"msg":"App is started"}
{"time":"2025-05-30T14:40:33.830028032+03:00","level":"INFO","source":{"function":"main.main.func2","file":"/home/fzrdub/go/test-task-2905/cmd/app/main.go","line":70},"msg":"Started to ping databse"}
{"time":"2025-05-30T14:40:35.235228243+03:00","level":"INFO","source":{"function":"app/internal/api/middleware/logger.New.func1","file":"/home/fzrdub/go/test-task-2905/internal/api/middleware/logger/logger.go","line":15},"msg":"logger middleware enabled","component":"middleware/logger"}
{"time":"2025-05-30T14:40:35.235266849+03:00","level":"INFO","source":{"function":"app/internal/api/middleware/logger.New.func1.1","file":"/home/fzrdub/go/test-task-2905/internal/api/middleware/logger/logger.go","line":41},"msg":"request received","component":"middleware/logger","method":"POST","path":"/api/v1/quotes","remote_addr":"127.0.0.1:36376","user_agent":"PostmanRuntime/7.44.0","reques_id":"76d044fc-68f8-4e4a-817e-1475aa490be1"}
{"time":"2025-05-30T14:40:36.023032655+03:00","level":"ERROR","source":{"function":"app/internal/storage/postgres.(*PostgreStorage).Save","file":"/home/fzrdub/go/test-task-2905/internal/storage/postgres/posql.go","line":64},"msg":"failed to save quote","error":"expected 2 arguments, got 1"}
{"time":"2025-05-30T14:40:36.023071573+03:00","level":"ERROR","source":{"function":"app/internal/services/quteos.(*Service).Save","file":"/home/fzrdub/go/test-task-2905/internal/services/quteos/quotes.go","line":79},"msg":"failed to save quote","error":"failed to save quote: expected 2 arguments, got 1"}
{"time":"2025-05-30T14:40:36.023088304+03:00","level":"ERROR","source":{"function":"app/internal/api/handlers/save.Save.func1","file":"/home/fzrdub/go/test-task-2905/internal/api/handlers/save/save.go","line":48},"msg":"failed to save quote","requestID":null,"error":"failed to save quote: failed to save quote: expected 2 arguments, got 1","code":500}
{"time":"2025-05-30T14:40:55.134213065+03:00","level":"WARN","source":{"function":"main.startMigrations","file":"/home/fzrdub/go/test-task-2905/cmd/app/main.go","line":123},"msg":"Migarate didn't run. Nothing to change"}
{"time":"2025-05-30T14:40:55.134555461+03:00","level":"INFO","source":{"function":"main.main","file":"/home/fzrdub/go/test-task-2905/cmd/app/main.go","line":82},"msg":"HTTP server is runned","addres":"localhost:8080"}
{"time":"2025-05-30T14:40:55.134577142+03:00","level":"INFO","source":{"function":"main.main","file":"/home/fzrdub/go/test-task-2905/cmd/app/main.go","line":84},"msg":"App is started"}
{"time":"2025-05-30T14:40:55.134589834+03:00","level":"INFO","source":{"function":"main.main.func2","file":"/home/fzrdub/go/test-task-2905/cmd/app/main.go","line":70},"msg":"Started to ping databse"}
{"time":"2025-05-30T14:40:55.134569506+03:00","level":"INFO","source":{"function":"main.main.func1","file":"/home/fzrdub/go/test-task-2905/cmd/app/main.go","line":65},"msg":"HTTP server started","Addres":"localhost:8080"}
{"time":"2025-05-30T14:40:55.704783516+03:00","level":"INFO","source":{"function":"app/internal/api/middleware/logger.New.func1","file":"/home/fzrdub/go/test-task-2905/internal/api/middleware/logger/logger.go","line":15},"msg":"logger middleware enabled","component":"middleware/logger"}
{"time":"2025-05-30T14:40:55.704848893+03:00","level":"INFO","source":{"function":"app/internal/api/middleware/logger.New.func1.1","file":"/home/fzrdub/go/test-task-2905/internal/api/middleware/logger/logger.go","line":41},"msg":"request received","component":"middleware/logger","method":"POST","path":"/api/v1/quotes","remote_addr":"127.0.0.1:60532","user_agent":"PostmanRuntime/7.44.0","reques_id":"d3168671-8e30-495e-b001-53c27bd89fa1"}
{"time":"2025-05-30T14:40:58.273102379+03:00","level":"ERROR","source":{"function":"app/internal/storage/postgres.(*PostgreStorage).Save","file":"/home/fzrdub/go/test-task-2905/internal/storage/postgres/posql.go","line":64},"msg":"failed to save quote","error":"expected 2 arguments, got 1"}
{"time":"2025-05-30T14:40:58.273153215+03:00","level":"ERROR","source":{"function":"app/internal/services/quteos.(*Service).Save","file":"/home/fzrdub/go/test-task-2905/internal/services/quteos/quotes.go","line":79},"msg":"failed to save quote","error":"failed to save quote: expected 2 arguments, got 1"}
{"time":"2025-05-30T14:41:00.936380418+03:00","level":"WARN","source":{"function":"main.startMigrations","file":"/home/fzrdub/go/test-task-2905/cmd/app/main.go","line":123},"msg":"Migarate didn't run. Nothing to change"}
{"time":"2025-05-30T14:41:00.936742827+03:00","level":"INFO","source":{"function":"main.main","file":"/home/fzrdub/go/test-task-2905/cmd/app/main.go","line":82},"msg":"HTTP server is runned","addres":"localhost:8080"}
{"time":"2025-05-30T14:41:00.936754029+03:00","level":"INFO","source":{"function":"main.main.func1","file":"/home/fzrdub/go/test-task-2905/cmd/app/main.go","line":65},"msg":"HTTP server started","Addres":"localhost:8080"}
{"time":"2025-05-30T14:41:00.936785156+03:00","level":"INFO","source":{"function":"main.main.func2","file":"/home/fzrdub/go/test-task-2905/cmd/app/main.go","line":70},"msg":"Started to ping databse"}
{"time":"2025-05-30T14:41:00.936772569+03:00","level":"INFO","source":{"function":"main.main","file":"/home/fzrdub/go/test-task-2905/cmd/app/main.go","line":84},"msg":"App is started"}
{"time":"2025-05-30T14:41:03.561837836+03:00","level":"INFO","source":{"function":"app/internal/api/middleware/logger.New.func1","file":"/home/fzrdub/go/test-task-2905/internal/api/middleware/logger/logger.go","line":15},"msg":"logger middleware enabled","component":"middleware/logger"}
{"time":"2025-05-30T14:41:03.561879568+03:00","level":"INFO","source":{"function":"app/internal/api/middleware/logger.New.func1.1","file":"/home/fzrdub/go/test-task-2905/internal/api/middleware/logger/logger.go","line":41},"msg":"request received","component":"middleware/logger","method":"POST","path":"/api/v1/quotes","remote_addr":"127.0.0.1:60544","user_agent":"PostmanRuntime/7.44.0","reques_id":"391fb6f1-3164-4366-b28b-abca5d6de215"}
{"time":"2025-05-30T14:41:40.806562344+03:00","level":"WARN","source":{"function":"main.startMigrations","file":"/home/fzrdub/go/test-task-2905/cmd/app/main.go","line":123},"msg":"Migarate didn't run. Nothing to change"}
{"time":"2025-05-30T14:41:40.806937573+03:00","level":"INFO","source":{"function":"main.main","file":"/home/fzrdub/go/test-task-2905/cmd/app/main.go","line":82},"msg":"HTTP server is runned","addres":"localhost:8080"}
{"time":"2025-05-30T14:41:40.806949826+03:00","level":"INFO","source":{"function":"main.main.func1","file":"/home/fzrdub/go/test-task-2905/cmd/app/main.go","line":65},"msg":"HTTP server started","Addres":"localhost:8080"}
{"time":"2025-05-30T14:41:40.806978257+03:00","level":"INFO","source":{"function":"main.main","file":"/home/fzrdub/go/test-task-2905/cmd/app/main.go","line":84},"msg":"App is started"}
{"time":"2025-05-30T14:41:40.8069973+03:00","level":"INFO","source":{"function":"main.main.func2","file":"/home/fzrdub/go/test-task-2905/cmd/app/main.go","line":70},"msg":"Started to ping databse"}
{"time":"2025-05-30T14:41:42.186334043+03:00","level":"INFO","source":{"function":"app/internal/api/middleware/logger.New.func1","file":"/home/fzrdub/go/test-task-2905/internal/api/middleware/logger/logger.go","line":15},"msg":"logger middleware enabled","component":"middleware/logger"}
{"time":"2025-05-30T14:41:42.18637763+03:00","level":"INFO","source":{"function":"app/internal/api/middleware/logger.New.func1.1","file":"/home/fzrdub/go/test-task-2905/internal/api/middleware/logger/logger.go","line":41},"msg":"request received","component":"middleware/logger","method":"POST","path":"/api/v1/quotes","remote_addr":"127.0.0.1:58996","user_agent":"PostmanRuntime/7.44.0","reques_id":"4fc99294-cd52-47c1-b449-9a5463700bed"}
{"time":"2025-05-30T14:41:43.507098931+03:00","level":"ERROR","source":{"function":"app/internal/storage/postgres.(*PostgreStorage).Save","file":"/home/fzrdub/go/test-task-2905/internal/storage/postgres/posql.go","line":64},"msg":"failed to save quote","error":"ERROR: invalid input syntax for type boolean: \"aasdsa\" (SQLSTATE 22P02)"}
{"time":"2025-05-30T14:41:43.507179433+03:00","level":"ERROR","source":{"function":"app/internal/services/quteos.(*Service).Save","file":"/home/fzrdub/go/test-task-2905/internal/services/quteos/quotes.go","line":79},"msg":"failed to save quote","error":"failed to save quote: ERROR: invalid input syntax for type boolean: \"aasdsa\" (SQLSTATE 22P02)"}
{"time":"2025-05-30T14:41:44.934598818+03:00","level":"ERROR","source":{"function":"app/internal/api/handlers/save.Save.func1","file":"/home/fzrdub/go/test-task-2905/internal/api/handlers/save/save.go","line":48},"msg":"failed to save quote","requestID":null,"error":"failed to save quote: failed to save quote: ERROR: invalid input syntax for type boolean: \"aasdsa\" (SQLSTATE 22P02)","code":500}
{"time":"2025-05-30T14:42:33.739808459+03:00","level":"WARN","source":{"function":"main.startMigrations","file":"/home/fzrdub/go/test-task-2905/cmd/app/main.go","line":123},"msg":"Migarate didn't run. Nothing to change"}
{"time":"2025-05-30T14:42:33.740144471+03:00","level":"INFO","source":{"function":"main.main","file":"/home/fzrdub/go/test-task-2905/cmd/app/main.go","line":82},"msg":"HTTP server is runned","addres":"localhost:8080"}
{"time":"2025-05-30T14:42:33.74015749+03:00","level":"INFO","source":{"function":"main.main.func1","file":"/home/fzrdub/go/test-task-2905/cmd/app/main.go","line":65},"msg":"HTTP server started","Addres":"localhost:8080"}
{"time":"2025-05-30T14:42:33.74018775+03:00","level":"INFO","source":{"function":"main.main.func2","file":"/home/fzrdub/go/test-task-2905/cmd/app/main.go","line":70},"msg":"Started to ping databse"}
{"time":"2025-05-30T14:42:33.740174996+03:00","level":"INFO","source":{"function":"main.main","file":"/home/fzrdub/go/test-task-2905/cmd/app/main.go","line":84},"msg":"App is started"}
{"time":"2025-05-30T14:42:34.304345325+03:00","level":"INFO","source":{"function":"app/internal/api/middleware/logger.New.func1","file":"/home/fzrdub/go/test-task-2905/internal/api/middleware/logger/logger.go","line":15},"msg":"logger middleware enabled","component":"middleware/logger"}
{"time":"2025-05-30T14:42:34.304394912+03:00","level":"INFO","source":{"function":"app/internal/api/middleware/logger.New.func1.1","file":"/home/fzrdub/go/test-task-2905/internal/api/middleware/logger/logger.go","line":41},"msg":"request received","component":"middleware/logger","method":"POST","path":"/api/v1/quotes","remote_addr":"127.0.0.1:46502","user_agent":"PostmanRuntime/7.44.0","reques_id":"ceaf405f-98d8-475d-8d4e-853ee774d9a3"}
{"time":"2025-05-30T14:42:39.335581231+03:00","level":"INFO","source":{"function":"app/internal/api/handlers/save.Save.func1","file":"/home/fzrdub/go/test-task-2905/internal/api/handlers/save/save.go","line":57},"msg":"quote saved","requestID":null,"id":1}
{"time":"2025-05-30T14:58:42.504020066+03:00","level":"WARN","source":{"function":"main.startMigrations","file":"/home/fzrdub/go/test-task-2905/cmd/app/main.go","line":123},"msg":"Migarate didn't run. Nothing to change"}
{"time":"2025-05-30T14:58:42.504321923+03:00","level":"INFO","source":{"function":"main.main","file":"/home/fzrdub/go/test-task-2905/cmd/app/main.go","line":82},"msg":"HTTP server is runned","addres":"localhost:8080"}
{"time":"2025-05-30T14:58:42.504359819+03:00","level":"INFO","source":{"function":"main.main","file":"/home/fzrdub/go/test-task-2905/cmd/app/main.go","line":84},"msg":"App is started"}
{"time":"2025-05-30T14:58:42.504366513+03:00","level":"INFO","source":{"function":"main.main.func1","file":"/home/fzrdub/go/test-task-2905/cmd/app/main.go","line":65},"msg":"HTTP server started","Addres":"localhost:8080"}
{"time":"2025-05-30T14:58:42.504386284+03:00","level":"INFO","source":{"function":"main.main.func2","file":"/home/fzrdub/go/test-task-2905/cmd/app/main.go","line":70},"msg":"Started to ping databse"}
{"time":"2025-05-30T14:59:17.797982826+03:00","level":"WARN","source":{"function":"main.startMigrations","file":"/home/fzrdub/go/test-task-2905/cmd/app/main.go","line":123},"msg":"Migarate didn't run. Nothing to change"}
{"time":"2025-05-30T14:59:17.798347101+03:00","level":"INFO","source":{"function":"main.main","file":"/home/fzrdub/go/test-task-2905/cmd/app/main.go","line":82},"msg":"HTTP server is runned","addres":"localhost:8080"}
{"time":"2025-05-30T14:59:17.798378752+03:00","level":"INFO","source":{"function":"main.main","file":"/home/fzrdub/go/test-task-2905/cmd/app/main.go","line":84},"msg":"App is started"}
{"time":"2025-05-30T14:59:17.798365647+03:00","level":"INFO","source":{"function":"main.main.func1","file":"/home/fzrdub/go/test-task-2905/cmd/app/main.go","line":65},"msg":"HTTP server started","Addres":"localhost:8080"}
{"time":"2025-05-30T14:59:17.798391783+03:00","level":"INFO","source":{"function":"main.main.func2","file":"/home/fzrdub/go/test-task-2905/cmd/app/main.go","line":70},"msg":"Started to ping databse"}
{"time":"2025-05-30T14:59:29.604663813+03:00","level":"WARN","source":{"function":"main.startMigrations","file":"/home/fzrdub/go/test-task-2905/cmd/app/main.go","line":123},"msg":"Migarate didn't run. Nothing to change"}
{"time":"2025-05-30T14:59:29.605051116+03:00","level":"INFO","source":{"function":"main.main","file":"/home/fzrdub/go/test-task-2905/cmd/app/main.go","line":82},"msg":"HTTP server is runned","addres":"localhost:8080"}
{"time":"2025-05-30T14:59:29.605092037+03:00","level":"INFO","source":{"function":"main.main","file":"/home/fzrdub/go/test-task-2905/cmd/app/main.go","line":84},"msg":"App is started"}
{"time":"2025-05-30T14:59:29.605115717+03:00","level":"INFO","source":{"function":"main.main.func2","file":"/home/fzrdub/go/test-task-2905/cmd/app/main.go","line":70},"msg":"Started to ping databse"}
{"time":"2025-05-30T14:59:29.605146289+03:00","level":"INFO","source":{"function":"main.main.func1","file":"/home/fzrdub/go/test-task-2905/cmd/app/main.go","line":65},"msg":"HTTP server started","Addres":"localhost:8080"}
{"time":"2025-05-30T14:59:30.281379447+03:00","level":"INFO","source":{"function":"app/internal/api/middleware/logger.New.func1","file":"/home/fzrdub/go/test-task-2905/internal/api/middleware/logger/logger.go","line":15},"msg":"logger middleware enabled","component":"middleware/logger"}
{"time":"2025-05-30T14:59:30.281430203+03:00","level":"INFO","source":{"function":"app/internal/api/middleware/logger.New.func1.1","file":"/home/fzrdub/go/test-task-2905/internal/api/middleware/logger/logger.go","line":41},"msg":"request received","component":"middleware/logger","method":"GET","path":"/api/v1/quetos","remote_addr":"127.0.0.1:40986","user_agent":"PostmanRuntime/7.44.0","reques_id":"78ea9e63-6abc-468e-9126-3c1a7fb6e094"}
{"time":"2025-05-30T14:59:30.281473753+03:00","level":"INFO","source":{"function":"app/internal/api/handlers/list.New.func1","file":"/home/fzrdub/go/test-task-2905/internal/api/handlers/list/list.go","line":42},"msg":"quotes listed successfully","!BADKEY":"requestID","!BADKEY":"78ea9e63-6abc-468e-9126-3c1a7fb6e094","count":0}
{"time":"2025-05-30T15:10:55.001370098+03:00","level":"WARN","source":{"function":"main.startMigrations","file":"/home/fzrdub/go/test-task-2905/cmd/app/main.go","line":123},"msg":"Migarate didn't run. Nothing to change"}
{"time":"2025-05-30T15:10:55.001705905+03:00","level":"INFO","source":{"function":"main.main","file":"/home/fzrdub/go/test-task-2905/cmd/app/main.go","line":82},"msg":"HTTP server is runned","addres":"localhost:8080"}
{"time":"2025-05-30T15:10:55.001726212+03:00","level":"INFO","source":{"function":"main.main.func1","file":"/home/fzrdub/go/test-task-2905/cmd/app/main.go","line":65},"msg":"HTTP server started","Addres":"localhost:8080"}
{"time":"2025-05-30T15:10:55.001756977+03:00","level":"INFO","source":{"function":"main.main.func2","file":"/home/fzrdub/go/test-task-2905/cmd/app/main.go","line":70},"msg":"Started to ping databse"}
{"time":"2025-05-30T15:10:55.001739845+03:00","level":"INFO","source":{"function":"main.main","file":"/home/fzrdub/go/test-task-2905/cmd/app/main.go","line":84},"msg":"App is started"}
{"time":"2025-05-30T15:10:58.195191688+03:00","level":"INFO","source":{"function":"app/internal/api/middleware/logger.New.func1","file":"/home/fzrdub/go/test-task-2905/internal/api/middleware/logger/logger.go","line":15},"msg":"logger middleware enabled","component":"middleware/logger"}
{"time":"2025-05-30T15:10:58.195244961+03:00","level":"INFO","source":{"function":"app/internal/api/middleware/logger.New.func1.1","file":"/home/fzrdub/go/test-task-2905/internal/api/middleware/logger/logger.go","line":41},"msg":"request received","component":"middleware/logger","method":"GET","path":"/api/v1/quetos","remote_addr":"127.0.0.1:44288","user_agent":"PostmanRuntime/7.44.0","reques_id":"a053c380-f294-4882-bcef-4b1b31c35f64"}
{"time":"2025-05-30T15:10:58.196384972+03:00","level":"ERROR","source":{"function":"app/internal/storage/postgres.(*PostgreStorage).List","file":"/home/fzrdub/go/test-task-2905/internal/storage/postgres/posql.go","line":120},"msg":"Failed to scan quote","error":"number of field descriptions must equal number of destinations, got 4 and 3"}
{"time":"2025-05-30T15:10:58.196585881+03:00","level":"ERROR","source":{"function":"app/internal/services/quteos.(*Service).List","file":"/home/fzrdub/go/test-task-2905/internal/services/quteos/quotes.go","line":145},"msg":"failed to get quote","error":"failed to scan quote: number of field descriptions must equal number of destinations, got 4 and 3"}
{"time":"2025-05-30T15:10:58.196609775+03:00","level":"ERROR","source":{"function":"app/internal/api/handlers/list.New.func1","file":"/home/fzrdub/go/test-task-2905/internal/api/handlers/list/list.go","line":35},"msg":"failed to list quotes","!BADKEY":"requestID","!BADKEY":"a053c380-f294-4882-bcef-4b1b31c35f64","error":"failed to get quote: failed to scan quote: number of field descriptions must equal number of destinations, got 4 and 3","code":500}
{"time":"2025-05-30T15:20:11.822284738+03:00","level":"WARN","source":{"function":"main.startMigrations","file":"/home/fzrdub/go/test-task-2905/cmd/app/main.go","line":123},"msg":"Migarate didn't run. Nothing to change"}
{"time":"2025-05-30T15:20:11.822615015+03:00","level":"INFO","source":{"function":"main.main","file":"/home/fzrdub/go/test-task-2905/cmd/app/main.go","line":82},"msg":"HTTP server is runned","addres":"localhost:8080"}
{"time":"2025-05-30T15:20:11.822647978+03:00","level":"INFO","source":{"function":"main.main","file":"/home/fzrdub/go/test-task-2905/cmd/app/main.go","line":84},"msg":"App is started"}
{"time":"2025-05-30T15:20:11.82266506+03:00","level":"INFO","source":{"function":"main.main.func2","file":"/home/fzrdub/go/test-task-2905/cmd/app/main.go","line":70},"msg":"Started to ping databse"}
{"time":"2025-05-30T15:20:11.822685006+03:00","level":"INFO","source":{"function":"main.main.func1","file":"/home/fzrdub/go/test-task-2905/cmd/app/main.go","line":65},"msg":"HTTP server started","Addres":"localhost:8080"}
{"time":"2025-05-30T15:20:14.499364699+03:00","level":"INFO","source":{"function":"app/internal/api/middleware/logger.New.func1","file":"/home/fzrdub/go/test-task-2905/internal/api/middleware/logger/logger.go","line":15},"msg":"logger middleware enabled","component":"middleware/logger"}
{"time":"2025-05-30T15:20:14.499408772+03:00","level":"INFO","source":{"function":"app/internal/api/middleware/logger.New.func1.1","file":"/home/fzrdub/go/test-task-2905/internal/api/middleware/logger/logger.go","line":41},"msg":"request received","component":"middleware/logger","method":"GET","path":"/api/v1/quetos","remote_addr":"127.0.0.1:60934","user_agent":"PostmanRuntime/7.44.0","reques_id":"e7f77f45-fd66-46f1-9175-af9eaf6d56cd"}
{"time":"2025-05-30T15:20:14.500672843+03:00","level":"ERROR","source":{"function":"app/internal/storage/postgres.(*PostgreStorage).List","file":"/home/fzrdub/go/test-task-2905/internal/storage/postgres/posql.go","line":123},"msg":"Failed to scan quote","error":"number of field descriptions must equal number of destinations, got 1 and 3"}
{"time":"2025-05-30T15:20:14.500924431+03:00","level":"ERROR","source":{"function":"app/internal/services/quteos.(*Service).List","file":"/home/fzrdub/go/test-task-2905/internal/services/quteos/quotes.go","line":145},"msg":"failed to get quote","error":"failed to scan quote: number of field descriptions must equal number of destinations, got 1 and 3"}
{"time":"2025-05-30T15:20:14.500971472+03:00","level":"ERROR","source":{"function":"app/internal/api/handlers/list.New.func1","file":"/home/fzrdub/go/test-task-2905/internal/api/handlers/list/list.go","line":35},"msg":"failed to list quotes","!BADKEY":"requestID","!BADKEY":"e7f77f45-fd66-46f1-9175-af9eaf6d56cd","error":"failed to get quote: failed to scan quote: number of field descriptions must equal number of destinations, got 1 and 3","code":500}
{"time":"2025-05-30T15:20:54.628195942+03:00","level":"INFO","source":{"function":"app/internal/api/middleware/logger.New.func1","file":"/home/fzrdub/go/test-task-2905/internal/api/middleware/logger/logger.go","line":15},"msg":"logger middleware enabled","component":"middleware/logger","component":"middleware/logger"}
{"time":"2025-05-30T15:20:54.628239735+03:00","level":"INFO","source":{"function":"app/internal/api/middleware/logger.New.func1.1","file":"/home/fzrdub/go/test-task-2905/internal/api/middleware/logger/logger.go","line":41},"msg":"request received","component":"middleware/logger","component":"middleware/logger","method":"GET","path":"/api/v1/quetos","remote_addr":"127.0.0.1:60934","user_agent":"PostmanRuntime/7.44.0","reques_id":"ea6ccdad-1d2f-4dfb-b5d4-6a12dc38b97c"}
{"time":"2025-05-30T15:21:07.909163732+03:00","level":"WARN","source":{"function":"main.startMigrations","file":"/home/fzrdub/go/test-task-2905/cmd/app/main.go","line":123},"msg":"Migarate didn't run. Nothing to change"}
{"time":"2025-05-30T15:21:07.909461864+03:00","level":"INFO","source":{"function":"main.main","file":"/home/fzrdub/go/test-task-2905/cmd/app/main.go","line":82},"msg":"HTTP server is runned","addres":"localhost:8080"}
{"time":"2025-05-30T15:21:07.909500388+03:00","level":"INFO","source":{"function":"main.main","file":"/home/fzrdub/go/test-task-2905/cmd/app/main.go","line":84},"msg":"App is started"}
{"time":"2025-05-30T15:21:07.909520584+03:00","level":"INFO","source":{"function":"main.main.func2","file":"/home/fzrdub/go/test-task-2905/cmd/app/main.go","line":70},"msg":"Started to ping databse"}
{"time":"2025-05-30T15:21:07.909546303+03:00","level":"INFO","source":{"function":"main.main.func1","file":"/home/fzrdub/go/test-task-2905/cmd/app/main.go","line":65},"msg":"HTTP server started","Addres":"localhost:8080"}
{"time":"2025-05-30T15:21:09.910093054+03:00","level":"INFO","source":{"function":"app/internal/api/middleware/logger.New.func1","file":"/home/fzrdub/go/test-task-2905/internal/api/middleware/logger/logger.go","line":15},"msg":"logger middleware enabled","component":"middleware/logger"}
{"time":"2025-05-30T15:21:09.910134477+03:00","level":"INFO","source":{"function":"app/internal/api/middleware/logger.New.func1.1","file":"/home/fzrdub/go/test-task-2905/internal/api/middleware/logger/logger.go","line":41},"msg":"request received","component":"middleware/logger","method":"GET","path":"/api/v1/quetos","remote_addr":"127.0.0.1:34452","user_agent":"PostmanRuntime/7.44.0","reques_id":"0cfd3264-6c99-432e-b579-4f7172d7aae8"}
{"time":"2025-05-30T15:21:10.915694641+03:00","level":"ERROR","source":{"function":"app/internal/storage/postgres.(*PostgreStorage).List","file":"/home/fzrdub/go/test-task-2905/internal/storage/postgres/posql.go","line":123},"msg":"Failed to scan quote","error":"can't scan into dest[1] (col: quote): cannot scan text (OID 25) in text format into *models.Quote"}
{"time":"2025-05-30T15:21:10.915985087+03:00","level":"ERROR","source":{"function":"app/internal/services/quteos.(*Service).List","file":"/home/fzrdub/go/test-task-2905/internal/services/quteos/quotes.go","line":145},"msg":"failed to get quote","error":"failed to scan quote: can't scan into dest[1] (col: quote): cannot scan text (OID 25) in text format into *models.Quote"}
{"time":"2025-05-30T15:21:10.916033691+03:00","level":"ERROR","source":{"function":"app/internal/api/handlers/list.New.func1","file":"/home/fzrdub/go/test-task-2905/internal/api/handlers/list/list.go","line":35},"msg":"failed to list quotes","!BADKEY":"requestID","!BADKEY":"0cfd3264-6c99-432e-b579-4f7172d7aae8","error":"failed to get quote: failed to scan quote: can't scan into dest[1] (col: quote): cannot scan text (OID 25) in text format into *models.Quote","code":500}
{"time":"2025-05-30T15:21:45.364393645+03:00","level":"WARN","source":{"function":"main.startMigrations","file":"/home/fzrdub/go/test-task-2905/cmd/app/main.go","line":123},"msg":"Migarate didn't run. Nothing to change"}
{"time":"2025-05-30T15:21:45.364814971+03:00","level":"INFO","source":{"function":"main.main","file":"/home/fzrdub/go/test-task-2905/cmd/app/main.go","line":82},"msg":"HTTP server is runned","addres":"localhost:8080"}
{"time":"2025-05-30T15:21:45.364845867+03:00","level":"INFO","source":{"function":"main.main","file":"/home/fzrdub/go/test-task-2905/cmd/app/main.go","line":84},"msg":"App is started"}
{"time":"2025-05-30T15:21:45.364831809+03:00","level":"INFO","source":{"function":"main.main.func1","file":"/home/fzrdub/go/test-task-2905/cmd/app/main.go","line":65},"msg":"HTTP server started","Addres":"localhost:8080"}
{"time":"2025-05-30T15:21:45.364859836+03:00","level":"INFO","source":{"function":"main.main.func2","file":"/home/fzrdub/go/test-task-2905/cmd/app/main.go","line":70},"msg":"Started to ping databse"}
{"time":"2025-05-30T15:21:45.480599188+03:00","level":"INFO","source":{"function":"app/internal/api/middleware/logger.New.func1","file":"/home/fzrdub/go/test-task-2905/internal/api/middleware/logger/logger.go","line":15},"msg":"logger middleware enabled","component":"middleware/logger"}
{"time":"2025-05-30T15:21:45.480640787+03:00","level":"INFO","source":{"function":"app/internal/api/middleware/logger.New.func1.1","file":"/home/fzrdub/go/test-task-2905/internal/api/middleware/logger/logger.go","line":41},"msg":"request received","component":"middleware/logger","method":"GET","path":"/api/v1/quetos","remote_addr":"127.0.0.1:59706","user_agent":"PostmanRuntime/7.44.0","reques_id":"03e7d72d-94af-4a86-97d1-9801a7dbf4a9"}
{"time":"2025-05-30T15:22:11.842293549+03:00","level":"WARN","source":{"function":"main.startMigrations","file":"/home/fzrdub/go/test-task-2905/cmd/app/main.go","line":123},"msg":"Migarate didn't run. Nothing to change"}
{"time":"2025-05-30T15:22:11.842651173+03:00","level":"INFO","source":{"function":"main.main","file":"/home/fzrdub/go/test-task-2905/cmd/app/main.go","line":82},"msg":"HTTP server is runned","addres":"localhost:8080"}
{"time":"2025-05-30T15:22:11.842676527+03:00","level":"INFO","source":{"function":"main.main","file":"/home/fzrdub/go/test-task-2905/cmd/app/main.go","line":84},"msg":"App is started"}
{"time":"2025-05-30T15:22:11.842689218+03:00","level":"INFO","source":{"function":"main.main.func2","file":"/home/fzrdub/go/test-task-2905/cmd/app/main.go","line":70},"msg":"Started to ping databse"}
{"time":"2025-05-30T15:22:11.84270591+03:00","level":"INFO","source":{"function":"main.main.func1","file":"/home/fzrdub/go/test-task-2905/cmd/app/main.go","line":65},"msg":"HTTP server started","Addres":"localhost:8080"}
{"time":"2025-05-30T15:22:12.650560467+03:00","level":"INFO","source":{"function":"app/internal/api/middleware/logger.New.func1","file":"/home/fzrdub/go/test-task-2905/internal/api/middleware/logger/logger.go","line":15},"msg":"logger middleware enabled","component":"middleware/logger"}
{"time":"2025-05-30T15:22:12.650614462+03:00","level":"INFO","source":{"function":"app/internal/api/middleware/logger.New.func1.1","file":"/home/fzrdub/go/test-task-2905/internal/api/middleware/logger/logger.go","line":41},"msg":"request received","component":"middleware/logger","method":"GET","path":"/api/v1/quetos","remote_addr":"127.0.0.1:57790","user_agent":"PostmanRuntime/7.44.0","reques_id":"172f9059-7983-4a50-b090-ce6fadb5c36e"}
{"time":"2025-05-30T15:22:58.329252357+03:00","level":"ERROR","source":{"function":"app/internal/storage/postgres.(*PostgreStorage).List","file":"/home/fzrdub/go/test-task-2905/internal/storage/postgres/posql.go","line":123},"msg":"Failed to scan quote","error":"can't scan into dest[1] (col: quote): cannot scan text (OID 25) in text format into *models.Quote"}
{"time":"2025-05-30T15:23:46.731784171+03:00","level":"WARN","source":{"function":"main.startMigrations","file":"/home/fzrdub/go/test-task-2905/cmd/app/main.go","line":123},"msg":"Migarate didn't run. Nothing to change"}
{"time":"2025-05-30T15:23:46.732010821+03:00","level":"INFO","source":{"function":"main.main","file":"/home/fzrdub/go/test-task-2905/cmd/app/main.go","line":82},"msg":"HTTP server is runned","addres":"localhost:8080"}
{"time":"2025-05-30T15:23:46.732040975+03:00","level":"INFO","source":{"function":"main.main","file":"/home/fzrdub/go/test-task-2905/cmd/app/main.go","line":84},"msg":"App is started"}
{"time":"2025-05-30T15:23:46.732059662+03:00","level":"INFO","source":{"function":"main.main.func2","file":"/home/fzrdub/go/test-task-2905/cmd/app/main.go","line":70},"msg":"Started to ping databse"}
{"time":"2025-05-30T15:23:46.732078905+03:00","level":"INFO","source":{"function":"main.main.func1","file":"/home/fzrdub/go/test-task-2905/cmd/app/main.go","line":65},"msg":"HTTP server started","Addres":"localhost:8080"}
{"time":"2025-05-30T15:23:47.449119994+03:00","level":"INFO","source":{"function":"app/internal/api/middleware/logger.New.func1","file":"/home/fzrdub/go/test-task-2905/internal/api/middleware/logger/logger.go","line":15},"msg":"logger middleware enabled","component":"middleware/logger"}
{"time":"2025-05-30T15:23:47.449180465+03:00","level":"INFO","source":{"function":"app/internal/api/middleware/logger.New.func1.1","file":"/home/fzrdub/go/test-task-2905/internal/api/middleware/logger/logger.go","line":41},"msg":"request received","component":"middleware/logger","method":"GET","path":"/api/v1/quetos","remote_addr":"127.0.0.1:47906","user_agent":"PostmanRuntime/7.44.0","reques_id":"0ce8380d-78c3-46ea-9b8d-33b7f22f0706"}
{"time":"2025-05-30T15:24:44.11657977+03:00","level":"WARN","source":{"function":"main.startMigrations","file":"/home/fzrdub/go/test-task-2905/cmd/app/main.go","line":123},"msg":"Migarate didn't run. Nothing to change"}
{"time":"2025-05-30T15:24:44.116763638+03:00","level":"INFO","source":{"function":"main.main","file":"/home/fzrdub/go/test-task-2905/cmd/app/main.go","line":82},"msg":"HTTP server is runned","addres":"localhost:8080"}
{"time":"2025-05-30T15:24:44.116789707+03:00","level":"INFO","source":{"function":"main.main","file":"/home/fzrdub/go/test-task-2905/cmd/app/main.go","line":84},"msg":"App is started"}
{"time":"2025-05-30T15:24:44.116814757+03:00","level":"INFO","source":{"function":"main.main.func2","file":"/home/fzrdub/go/test-task-2905/cmd/app/main.go","line":70},"msg":"Started to ping databse"}
{"time":"2025-05-30T15:24:44.116838551+03:00","level":"INFO","source":{"function":"main.main.func1","file":"/home/fzrdub/go/test-task-2905/cmd/app/main.go","line":65},"msg":"HTTP server started","Addres":"localhost:8080"}
{"time":"2025-05-30T15:24:46.170666737+03:00","level":"INFO","source":{"function":"app/internal/api/middleware/logger.New.func1","file":"/home/fzrdub/go/test-task-2905/internal/api/middleware/logger/logger.go","line":15},"msg":"logger middleware enabled","component":"middleware/logger"}
{"time":"2025-05-30T15:24:46.170713883+03:00","level":"INFO","source":{"function":"app/internal/api/middleware/logger.New.func1.1","file":"/home/fzrdub/go/test-task-2905/internal/api/middleware/logger/logger.go","line":41},"msg":"request received","component":"middleware/logger","method":"GET","path":"/api/v1/quetos","remote_addr":"127.0.0.1:59880","user_agent":"PostmanRuntime/7.44.0","reques_id":"386b685a-458d-48f1-b788-63d9a24290b1"}
{"time":"2025-05-30T15:24:47.144671787+03:00","level":"ERROR","source":{"function":"app/internal/storage/postgres.(*PostgreStorage).List","file":"/home/fzrdub/go/test-task-2905/internal/storage/postgres/posql.go","line":123},"msg":"Failed to scan quote","error":"can't scan into dest[1] (col: quote): cannot scan text (OID 25) in text format into *models.Quote"}
{"time":"2025-05-30T15:24:47.144908141+03:00","level":"ERROR","source":{"function":"app/internal/services/quteos.(*Service).List","file":"/home/fzrdub/go/test-task-2905/internal/services/quteos/quotes.go","line":145},"msg":"failed to get quote","error":"failed to scan quote: can't scan into dest[1] (col: quote): cannot scan text (OID 25) in text format into *models.Quote"}
{"time":"2025-05-30T15:24:47.144942547+03:00","level":"ERROR","source":{"function":"app/internal/api/handlers/list.New.func1","file":"/home/fzrdub/go/test-task-2905/internal/api/handlers/list/list.go","line":35},"msg":"failed to list quotes","!BADKEY":"requestID","!BADKEY":"386b685a-458d-48f1-b788-63d9a24290b1","error":"failed to get quote: failed to scan quote: can't scan into dest[1] (col: quote): cannot scan text (OID 25) in text format into *models.Quote","code":500}
{"time":"2025-05-30T15:26:58.879184012+03:00","level":"WARN","source":{"function":"main.startMigrations","file":"/home/fzrdub/go/test-task-2905/cmd/app/main.go","line":123},"msg":"Migarate didn't run. Nothing to change"}
{"time":"2025-05-30T15:26:58.879589291+03:00","level":"INFO","source":{"function":"main.main","file":"/home/fzrdub/go/test-task-2905/cmd/app/main.go","line":82},"msg":"HTTP server is runned","addres":"localhost:8080"}
{"time":"2025-05-30T15:26:58.87960035+03:00","level":"INFO","source":{"function":"main.main.func1","file":"/home/fzrdub/go/test-task-2905/cmd/app/main.go","line":65},"msg":"HTTP server started","Addres":"localhost:8080"}
{"time":"2025-05-30T15:26:58.879637594+03:00","level":"INFO","source":{"function":"main.main","file":"/home/fzrdub/go/test-task-2905/cmd/app/main.go","line":84},"msg":"App is started"}
{"time":"2025-05-30T15:26:58.879748815+03:00","level":"INFO","source":{"function":"main.main.func2","file":"/home/fzrdub/go/test-task-2905/cmd/app/main.go","line":70},"msg":"Started to ping databse"}
{"time":"2025-05-30T15:27:02.026169457+03:00","level":"INFO","source":{"function":"app/internal/api/middleware/logger.New.func1","file":"/home/fzrdub/go/test-task-2905/internal/api/middleware/logger/logger.go","line":15},"msg":"logger middleware enabled","component":"middleware/logger"}
{"time":"2025-05-30T15:27:02.026212136+03:00","level":"INFO","source":{"function":"app/internal/api/middleware/logger.New.func1.1","file":"/home/fzrdub/go/test-task-2905/internal/api/middleware/logger/logger.go","line":41},"msg":"request received","component":"middleware/logger","method":"GET","path":"/api/v1/quetos","remote_addr":"127.0.0.1:46924","user_agent":"PostmanRuntime/7.44.0","reques_id":"641f8ee1-680d-4c9d-88ac-16507d47092f"}
{"time":"2025-05-30T15:29:04.203548283+03:00","level":"WARN","source":{"function":"main.startMigrations","file":"/home/fzrdub/go/test-task-2905/cmd/app/main.go","line":123},"msg":"Migarate didn't run. Nothing to change"}
{"time":"2025-05-30T15:29:04.20391455+03:00","level":"INFO","source":{"function":"main.main","file":"/home/fzrdub/go/test-task-2905/cmd/app/main.go","line":82},"msg":"HTTP server is runned","addres":"localhost:8080"}
{"time":"2025-05-30T15:29:04.203937539+03:00","level":"INFO","source":{"function":"main.main","file":"/home/fzrdub/go/test-task-2905/cmd/app/main.go","line":84},"msg":"App is started"}
{"time":"2025-05-30T15:29:04.203952653+03:00","level":"INFO","source":{"function":"main.main.func2","file":"/home/fzrdub/go/test-task-2905/cmd/app/main.go","line":70},"msg":"Started to ping databse"}
{"time":"2025-05-30T15:29:04.203977755+03:00","level":"INFO","source":{"function":"main.main.func1","file":"/home/fzrdub/go/test-task-2905/cmd/app/main.go","line":65},"msg":"HTTP server started","Addres":"localhost:8080"}
{"time":"2025-05-30T15:29:07.352589194+03:00","level":"INFO","source":{"function":"app/internal/api/middleware/logger.New.func1","file":"/home/fzrdub/go/test-task-2905/internal/api/middleware/logger/logger.go","line":15},"msg":"logger middleware enabled","component":"middleware/logger"}
{"time":"2025-05-30T15:29:07.35262944+03:00","level":"INFO","source":{"function":"app/internal/api/middleware/logger.New.func1.1","file":"/home/fzrdub/go/test-task-2905/internal/api/middleware/logger/logger.go","line":41},"msg":"request received","component":"middleware/logger","method":"GET","path":"/api/v1/quetos","remote_addr":"127.0.0.1:38094","user_agent":"PostmanRuntime/7.44.0","reques_id":"3a1bd8ff-3cef-47bb-b59c-81eb507b6e1e"}
{"time":"2025-05-30T15:29:09.927439972+03:00","level":"ERROR","source":{"function":"app/internal/storage/postgres.(*PostgreStorage).List","file":"/home/fzrdub/go/test-task-2905/internal/storage/postgres/posql.go","line":123},"msg":"Failed to scan quote","error":"can't scan into dest[1] (col: quote): cannot scan text (OID 25) in text format into *models.Quote"}
{"time":"2025-05-30T15:29:09.927850148+03:00","level":"ERROR","source":{"function":"app/internal/services/quteos.(*Service).List","file":"/home/fzrdub/go/test-task-2905/internal/services/quteos/quotes.go","line":145},"msg":"failed to get quote","error":"failed to scan quote: can't scan into dest[1] (col: quote): cannot scan text (OID 25) in text format into *models.Quote"}
{"time":"2025-05-30T15:29:09.927891095+03:00","level":"ERROR","source":{"function":"app/internal/api/handlers/list.New.func1","file":"/home/fzrdub/go/test-task-2905/internal/api/handlers/list/list.go","line":35},"msg":"failed to list quotes","!BADKEY":"requestID","!BADKEY":"3a1bd8ff-3cef-47bb-b59c-81eb507b6e1e","error":"failed to get quote: failed to scan quote: can't scan into dest[1] (col: quote): cannot scan text (OID 25) in text format into *models.Quote","code":500}
{"time":"2025-05-30T15:30:05.325930565+03:00","level":"WARN","source":{"function":"main.startMigrations","file":"/home/fzrdub/go/test-task-2905/cmd/app/main.go","line":123},"msg":"Migarate didn't run. Nothing to change"}
{"time":"2025-05-30T15:30:05.326293592+03:00","level":"INFO","source":{"function":"main.main","file":"/home/fzrdub/go/test-task-2905/cmd/app/main.go","line":82},"msg":"HTTP server is runned","addres":"localhost:8080"}
{"time":"2025-05-30T15:30:05.326338704+03:00","level":"INFO","source":{"function":"main.main","file":"/home/fzrdub/go/test-task-2905/cmd/app/main.go","line":84},"msg":"App is started"}
{"time":"2025-05-30T15:30:05.326361255+03:00","level":"INFO","source":{"function":"main.main.func2","file":"/home/fzrdub/go/test-task-2905/cmd/app/main.go","line":70},"msg":"Started to ping databse"}
{"time":"2025-05-30T15:30:05.326388862+03:00","level":"INFO","source":{"function":"main.main.func1","file":"/home/fzrdub/go/test-task-2905/cmd/app/main.go","line":65},"msg":"HTTP server started","Addres":"localhost:8080"}
{"time":"2025-05-30T15:30:07.428627473+03:00","level":"INFO","source":{"function":"app/internal/api/middleware/logger.New.func1","file":"/home/fzrdub/go/test-task-2905/internal/api/middleware/logger/logger.go","line":15},"msg":"logger middleware enabled","component":"middleware/logger"}
{"time":"2025-05-30T15:30:07.428670201+03:00","level":"INFO","source":{"function":"app/internal/api/middleware/logger.New.func1.1","file":"/home/fzrdub/go/test-task-2905/internal/api/middleware/logger/logger.go","line":41},"msg":"request received","component":"middleware/logger","method":"GET","path":"/api/v1/quetos","remote_addr":"127.0.0.1:60916","user_agent":"PostmanRuntime/7.44.0","reques_id":"9e299517-2fbd-4676-9797-564884e3462d"}
{"time":"2025-05-30T15:30:08.472145197+03:00","level":"INFO","source":{"function":"app/internal/api/handlers/list.New.func1","file":"/home/fzrdub/go/test-task-2905/internal/api/handlers/list/list.go","line":42},"msg":"quotes listed successfully","!BADKEY":"requestID","!BADKEY":"9e299517-2fbd-4676-9797-564884e3462d","count":1}
{"time":"2025-05-30T15:41:45.370352494+03:00","level":"WARN","source":{"function":"main.startMigrations","file":"/home/fzrdub/go/test-task-2905/cmd/app/main.go","line":123},"msg":"Migarate didn't run. Nothing to change"}
{"time":"2025-05-30T15:41:45.370609857+03:00","level":"INFO","source":{"function":"main.main","file":"/home/fzrdub/go/test-task-2905/cmd/app/main.go","line":82},"msg":"HTTP server is runned","addres":"localhost:8080"}
{"time":"2025-05-30T15:41:45.370638386+03:00","level":"INFO","source":{"function":"main.main","file":"/home/fzrdub/go/test-task-2905/cmd/app/main.go","line":84},"msg":"App is started"}
{"time":"2025-05-30T15:41:45.37065825+03:00","level":"INFO","source":{"function":"main.main.func2","file":"/home/fzrdub/go/test-task-2905/cmd/app/main.go","line":70},"msg":"Started to ping databse"}
{"time":"2025-05-30T15:41:45.370683845+03:00","level":"INFO","source":{"function":"main.main.func1","file":"/home/fzrdub/go/test-task-2905/cmd/app/main.go","line":65},"msg":"HTTP server started","Addres":"localhost:8080"}
{"time":"2025-05-30T15:41:49.386336921+03:00","level":"INFO","source":{"function":"app/internal/api/middleware/logger.New.func1","file":"/home/fzrdub/go/test-task-2905/internal/api/middleware/logger/logger.go","line":15},"msg":"logger middleware enabled","component":"middleware/logger"}
{"time":"2025-05-30T15:41:49.386374841+03:00","level":"INFO","source":{"function":"app/internal/api/middleware/logger.New.func1.1","file":"/home/fzrdub/go/test-task-2905/internal/api/middleware/logger/logger.go","line":41},"msg":"request received","component":"middleware/logger","method":"GET","path":"/api/v1/quetos","remote_addr":"127.0.0.1:54978","user_agent":"PostmanRuntime/7.44.0","reques_id":"1bc2f0f0-2172-471c-9cb0-25e4e0440bf2"}
{"time":"2025-05-30T15:41:51.830979276+03:00","level":"INFO","source":{"function":"app/internal/api/handlers/list.New.func1","file":"/home/fzrdub/go/test-task-2905/internal/api/handlers/list/list.go","line":42},"msg":"quotes listed successfully","!BADKEY":"requestID","!BADKEY":"1bc2f0f0-2172-471c-9cb0-25e4e0440bf2","count":15}
{"time":"2025-05-30T15:43:36.507925202+03:00","level":"WARN","source":{"function":"main.startMigrations","file":"/home/fzrdub/go/test-task-2905/cmd/app/main.go","line":123},"msg":"Migarate didn't run. Nothing to change"}
{"time":"2025-05-30T15:43:36.508236358+03:00","level":"INFO","source":{"function":"main.main","file":"/home/fzrdub/go/test-task-2905/cmd/app/main.go","line":82},"msg":"HTTP server is runned","addres":"localhost:8080"}
{"time":"2025-05-30T15:43:36.508271853+03:00","level":"INFO","source":{"function":"main.main","file":"/home/fzrdub/go/test-task-2905/cmd/app/main.go","line":84},"msg":"App is started"}
{"time":"2025-05-30T15:43:36.508295505+03:00","level":"INFO","source":{"function":"main.main.func2","file":"/home/fzrdub/go/test-task-2905/cmd/app/main.go","line":70},"msg":"Started to ping databse"}
{"time":"2025-05-30T15:43:36.508295649+03:00","level":"INFO","source":{"function":"main.main.func1","file":"/home/fzrdub/go/test-task-2905/cmd/app/main.go","line":65},"msg":"HTTP server started","Addres":"localhost:8080"}
{"time":"2025-05-30T15:43:37.480663019+03:00","level":"INFO","source":{"function":"app/internal/api/middleware/logger.New.func1","file":"/home/fzrdub/go/test-task-2905/internal/api/middleware/logger/logger.go","line":15},"msg":"logger middleware enabled","component":"middleware/logger"}
{"time":"2025-05-30T15:43:37.480725121+03:00","level":"INFO","source":{"function":"app/internal/api/middleware/logger.New.func1.1","file":"/home/fzrdub/go/test-task-2905/internal/api/middleware/logger/logger.go","line":41},"msg":"request received","component":"middleware/logger","method":"GET","path":"/api/v1/quetos","remote_addr":"127.0.0.1:45780","user_agent":"PostmanRuntime/7.44.0","reques_id":"1b536ce3-d4ae-4ea6-911a-cc9491071d00"}
{"time":"2025-05-30T15:43:42.240443288+03:00","level":"INFO","source":{"function":"app/internal/api/handlers/list.New.func1","file":"/home/fzrdub/go/test-task-2905/internal/api/handlers/list/list.go","line":42},"msg":"quotes listed successfully","!BADKEY":"requestID","!BADKEY":"1b536ce3-d4ae-4ea6-911a-cc9491071d00","count":15}
{"time":"2025-05-30T16:00:40.439834604+03:00","level":"WARN","source":{"function":"main.startMigrations","file":"/home/fzrdub/go/test-task-2905/cmd/app/main.go","line":123},"msg":"Migarate didn't run. Nothing to change"}
{"time":"2025-05-30T16:00:40.440121488+03:00","level":"INFO","source":{"function":"main.main","file":"/home/fzrdub/go/test-task-2905/cmd/app/main.go","line":82},"msg":"HTTP server is runned","addres":"localhost:8080"}
{"time":"2025-05-30T16:00:40.440155746+03:00","level":"INFO","source":{"function":"main.main","file":"/home/fzrdub/go/test-task-2905/cmd/app/main.go","line":84},"msg":"App is started"}
{"time":"2025-05-30T16:00:40.440171849+03:00","level":"INFO","source":{"function":"main.main.func2","file":"/home/fzrdub/go/test-task-2905/cmd/app/main.go","line":70},"msg":"Started to ping databse"}
{"time":"2025-05-30T16:00:40.440194497+03:00","level":"INFO","source":{"function":"main.main.func1","file":"/home/fzrdub/go/test-task-2905/cmd/app/main.go","line":65},"msg":"HTTP server started","Addres":"localhost:8080"}
{"time":"2025-05-30T16:00:43.255931708+03:00","level":"INFO","source":{"function":"app/internal/api/middleware/logger.New.func1","file":"/home/fzrdub/go/test-task-2905/internal/api/middleware/logger/logger.go","line":15},"msg":"logger middleware enabled","component":"middleware/logger"}
{"time":"2025-05-30T16:00:43.255984726+03:00","level":"INFO","source":{"function":"app/internal/api/middleware/logger.New.func1.1","file":"/home/fzrdub/go/test-task-2905/internal/api/middleware/logger/logger.go","line":41},"msg":"request received","component":"middleware/logger","method":"GET","path":"/api/v1/quetos","remote_addr":"127.0.0.1:33764","user_agent":"PostmanRuntime/7.44.0","reques_id":"b624997b-826a-43c0-96f2-44fe3926f1a0"}
{"time":"2025-05-30T16:00:43.258111888+03:00","level":"INFO","source":{"function":"app/internal/api/handlers/list.New.func1","file":"/home/fzrdub/go/test-task-2905/internal/api/handlers/list/list.go","line":60},"msg":"quotes listed successfully by author","!BADKEY":"requestID","!BADKEY":"b624997b-826a-43c0-96f2-44fe3926f1a0","author":"Steve Jobs","count":5}
{"time":"2025-05-30T16:01:02.067512728+03:00","level":"INFO","source":{"function":"app/internal/api/middleware/logger.New.func1","file":"/home/fzrdub/go/test-task-2905/internal/api/middleware/logger/logger.go","line":15},"msg":"logger middleware enabled","component":"middleware/logger","component":"middleware/logger"}
{"time":"2025-05-30T16:01:02.067555538+03:00","level":"INFO","source":{"function":"app/internal/api/middleware/logger.New.func1.1","file":"/home/fzrdub/go/test-task-2905/internal/api/middleware/logger/logger.go","line":41},"msg":"request received","component":"middleware/logger","component":"middleware/logger","method":"GET","path":"/api/v1/quetos","remote_addr":"127.0.0.1:33764","user_agent":"PostmanRuntime/7.44.0","reques_id":"54507baa-61bd-4ea7-876f-a99d985ea5dd"}
{"time":"2025-05-30T16:01:04.602139614+03:00","level":"INFO","source":{"function":"app/internal/api/handlers/list.New.func1","file":"/home/fzrdub/go/test-task-2905/internal/api/handlers/list/list.go","line":77},"msg":"quotes listed successfully","!BADKEY":"requestID","!BADKEY":"b624997b-826a-43c0-96f2-44fe3926f1a0","!BADKEY":"requestID","!BADKEY":"54507baa-61bd-4ea7-876f-a99d985ea5dd","count":15}
